<?xml version="1.0" encoding="UTF-8"?>
<testsuite xmlns:xsi="http://www.w3.org/2001/XMLSchema-instance" xsi:noNamespaceSchemaLocation="https://maven.apache.org/surefire/maven-surefire-plugin/xsd/surefire-test-report.xsd" version="3.0.2" name="praytracer.RunCucumberTest" time="1.284" tests="31" errors="19" skipped="0" failures="10">
  <properties>
    <property name="java.specification.version" value="21"/>
    <property name="sun.cpu.isalist" value="amd64"/>
    <property name="sun.jnu.encoding" value="MS932"/>
    <property name="java.class.path" value="C:\Users\Mykyta\Desktop\praytracer\target\test-classes;C:\Users\Mykyta\Desktop\praytracer\target\classes;C:\Users\Mykyta\.m2\repository\io\cucumber\cucumber-java\7.20.1\cucumber-java-7.20.1.jar;C:\Users\Mykyta\.m2\repository\io\cucumber\cucumber-core\7.20.1\cucumber-core-7.20.1.jar;C:\Users\Mykyta\.m2\repository\io\cucumber\cucumber-gherkin\7.20.1\cucumber-gherkin-7.20.1.jar;C:\Users\Mykyta\.m2\repository\io\cucumber\cucumber-gherkin-messages\7.20.1\cucumber-gherkin-messages-7.20.1.jar;C:\Users\Mykyta\.m2\repository\io\cucumber\gherkin\28.0.0\gherkin-28.0.0.jar;C:\Users\Mykyta\.m2\repository\io\cucumber\messages\24.1.0\messages-24.1.0.jar;C:\Users\Mykyta\.m2\repository\io\cucumber\testng-xml-formatter\0.2.0\testng-xml-formatter-0.2.0.jar;C:\Users\Mykyta\.m2\repository\io\cucumber\query\12.2.0\query-12.2.0.jar;C:\Users\Mykyta\.m2\repository\io\cucumber\tag-expressions\6.1.0\tag-expressions-6.1.0.jar;C:\Users\Mykyta\.m2\repository\io\cucumber\cucumber-expressions\17.1.0\cucumber-expressions-17.1.0.jar;C:\Users\Mykyta\.m2\repository\io\cucumber\datatable\7.20.1\datatable-7.20.1.jar;C:\Users\Mykyta\.m2\repository\io\cucumber\cucumber-plugin\7.20.1\cucumber-plugin-7.20.1.jar;C:\Users\Mykyta\.m2\repository\io\cucumber\docstring\7.20.1\docstring-7.20.1.jar;C:\Users\Mykyta\.m2\repository\io\cucumber\html-formatter\21.7.0\html-formatter-21.7.0.jar;C:\Users\Mykyta\.m2\repository\io\cucumber\junit-xml-formatter\0.5.0\junit-xml-formatter-0.5.0.jar;C:\Users\Mykyta\.m2\repository\io\cucumber\ci-environment\10.0.1\ci-environment-10.0.1.jar;C:\Users\Mykyta\.m2\repository\org\apiguardian\apiguardian-api\1.1.2\apiguardian-api-1.1.2.jar;C:\Users\Mykyta\.m2\repository\io\cucumber\cucumber-junit-platform-engine\7.20.1\cucumber-junit-platform-engine-7.20.1.jar;C:\Users\Mykyta\.m2\repository\org\junit\platform\junit-platform-engine\1.11.2\junit-platform-engine-1.11.2.jar;C:\Users\Mykyta\.m2\repository\org\opentest4j\opentest4j\1.3.0\opentest4j-1.3.0.jar;C:\Users\Mykyta\.m2\repository\org\junit\platform\junit-platform-commons\1.11.2\junit-platform-commons-1.11.2.jar;C:\Users\Mykyta\.m2\repository\org\junit\platform\junit-platform-suite\1.11.2\junit-platform-suite-1.11.2.jar;C:\Users\Mykyta\.m2\repository\org\junit\platform\junit-platform-suite-api\1.11.2\junit-platform-suite-api-1.11.2.jar;C:\Users\Mykyta\.m2\repository\org\junit\platform\junit-platform-suite-engine\1.11.2\junit-platform-suite-engine-1.11.2.jar;C:\Users\Mykyta\.m2\repository\org\junit\platform\junit-platform-suite-commons\1.11.2\junit-platform-suite-commons-1.11.2.jar;C:\Users\Mykyta\.m2\repository\org\junit\platform\junit-platform-launcher\1.11.2\junit-platform-launcher-1.11.2.jar;C:\Users\Mykyta\.m2\repository\org\junit\jupiter\junit-jupiter\5.11.2\junit-jupiter-5.11.2.jar;C:\Users\Mykyta\.m2\repository\org\junit\jupiter\junit-jupiter-api\5.11.2\junit-jupiter-api-5.11.2.jar;C:\Users\Mykyta\.m2\repository\org\junit\jupiter\junit-jupiter-params\5.11.2\junit-jupiter-params-5.11.2.jar;C:\Users\Mykyta\.m2\repository\org\junit\jupiter\junit-jupiter-engine\5.11.2\junit-jupiter-engine-5.11.2.jar;"/>
    <property name="java.vm.vendor" value="Oracle Corporation"/>
    <property name="sun.arch.data.model" value="64"/>
    <property name="user.variant" value=""/>
    <property name="java.vendor.url" value="https://java.oracle.com/"/>
    <property name="user.timezone" value="America/Toronto"/>
    <property name="os.name" value="Windows 10"/>
    <property name="java.vm.specification.version" value="21"/>
    <property name="sun.java.launcher" value="SUN_STANDARD"/>
    <property name="user.country" value="US"/>
    <property name="sun.boot.library.path" value="D:\Documents\JavaStuff\jdk21\bin"/>
    <property name="sun.java.command" value="C:\Users\Mykyta\AppData\Local\Temp\surefire17884803352213301019\surefirebooter-20241027091234742_3.jar C:\Users\Mykyta\AppData\Local\Temp\surefire17884803352213301019 2024-10-27T09-12-34_502-jvmRun1 surefire-20241027091234742_1tmp surefire_0-20241027091234742_2tmp"/>
    <property name="jdk.debug" value="release"/>
    <property name="surefire.test.class.path" value="C:\Users\Mykyta\Desktop\praytracer\target\test-classes;C:\Users\Mykyta\Desktop\praytracer\target\classes;C:\Users\Mykyta\.m2\repository\io\cucumber\cucumber-java\7.20.1\cucumber-java-7.20.1.jar;C:\Users\Mykyta\.m2\repository\io\cucumber\cucumber-core\7.20.1\cucumber-core-7.20.1.jar;C:\Users\Mykyta\.m2\repository\io\cucumber\cucumber-gherkin\7.20.1\cucumber-gherkin-7.20.1.jar;C:\Users\Mykyta\.m2\repository\io\cucumber\cucumber-gherkin-messages\7.20.1\cucumber-gherkin-messages-7.20.1.jar;C:\Users\Mykyta\.m2\repository\io\cucumber\gherkin\28.0.0\gherkin-28.0.0.jar;C:\Users\Mykyta\.m2\repository\io\cucumber\messages\24.1.0\messages-24.1.0.jar;C:\Users\Mykyta\.m2\repository\io\cucumber\testng-xml-formatter\0.2.0\testng-xml-formatter-0.2.0.jar;C:\Users\Mykyta\.m2\repository\io\cucumber\query\12.2.0\query-12.2.0.jar;C:\Users\Mykyta\.m2\repository\io\cucumber\tag-expressions\6.1.0\tag-expressions-6.1.0.jar;C:\Users\Mykyta\.m2\repository\io\cucumber\cucumber-expressions\17.1.0\cucumber-expressions-17.1.0.jar;C:\Users\Mykyta\.m2\repository\io\cucumber\datatable\7.20.1\datatable-7.20.1.jar;C:\Users\Mykyta\.m2\repository\io\cucumber\cucumber-plugin\7.20.1\cucumber-plugin-7.20.1.jar;C:\Users\Mykyta\.m2\repository\io\cucumber\docstring\7.20.1\docstring-7.20.1.jar;C:\Users\Mykyta\.m2\repository\io\cucumber\html-formatter\21.7.0\html-formatter-21.7.0.jar;C:\Users\Mykyta\.m2\repository\io\cucumber\junit-xml-formatter\0.5.0\junit-xml-formatter-0.5.0.jar;C:\Users\Mykyta\.m2\repository\io\cucumber\ci-environment\10.0.1\ci-environment-10.0.1.jar;C:\Users\Mykyta\.m2\repository\org\apiguardian\apiguardian-api\1.1.2\apiguardian-api-1.1.2.jar;C:\Users\Mykyta\.m2\repository\io\cucumber\cucumber-junit-platform-engine\7.20.1\cucumber-junit-platform-engine-7.20.1.jar;C:\Users\Mykyta\.m2\repository\org\junit\platform\junit-platform-engine\1.11.2\junit-platform-engine-1.11.2.jar;C:\Users\Mykyta\.m2\repository\org\opentest4j\opentest4j\1.3.0\opentest4j-1.3.0.jar;C:\Users\Mykyta\.m2\repository\org\junit\platform\junit-platform-commons\1.11.2\junit-platform-commons-1.11.2.jar;C:\Users\Mykyta\.m2\repository\org\junit\platform\junit-platform-suite\1.11.2\junit-platform-suite-1.11.2.jar;C:\Users\Mykyta\.m2\repository\org\junit\platform\junit-platform-suite-api\1.11.2\junit-platform-suite-api-1.11.2.jar;C:\Users\Mykyta\.m2\repository\org\junit\platform\junit-platform-suite-engine\1.11.2\junit-platform-suite-engine-1.11.2.jar;C:\Users\Mykyta\.m2\repository\org\junit\platform\junit-platform-suite-commons\1.11.2\junit-platform-suite-commons-1.11.2.jar;C:\Users\Mykyta\.m2\repository\org\junit\platform\junit-platform-launcher\1.11.2\junit-platform-launcher-1.11.2.jar;C:\Users\Mykyta\.m2\repository\org\junit\jupiter\junit-jupiter\5.11.2\junit-jupiter-5.11.2.jar;C:\Users\Mykyta\.m2\repository\org\junit\jupiter\junit-jupiter-api\5.11.2\junit-jupiter-api-5.11.2.jar;C:\Users\Mykyta\.m2\repository\org\junit\jupiter\junit-jupiter-params\5.11.2\junit-jupiter-params-5.11.2.jar;C:\Users\Mykyta\.m2\repository\org\junit\jupiter\junit-jupiter-engine\5.11.2\junit-jupiter-engine-5.11.2.jar;"/>
    <property name="sun.cpu.endian" value="little"/>
    <property name="user.home" value="C:\Users\Mykyta"/>
    <property name="user.language" value="en"/>
    <property name="java.specification.vendor" value="Oracle Corporation"/>
    <property name="java.version.date" value="2024-01-16"/>
    <property name="java.home" value="D:\Documents\JavaStuff\jdk21"/>
    <property name="file.separator" value="\"/>
    <property name="basedir" value="C:\Users\Mykyta\Desktop\praytracer"/>
    <property name="java.vm.compressedOopsMode" value="Zero based"/>
    <property name="line.separator" value="&#10;"/>
    <property name="java.vm.specification.vendor" value="Oracle Corporation"/>
    <property name="java.specification.name" value="Java Platform API Specification"/>
    <property name="surefire.real.class.path" value="C:\Users\Mykyta\AppData\Local\Temp\surefire17884803352213301019\surefirebooter-20241027091234742_3.jar"/>
    <property name="user.script" value=""/>
    <property name="sun.management.compiler" value="HotSpot 64-Bit Tiered Compilers"/>
    <property name="java.runtime.version" value="21.0.2+13-LTS-58"/>
    <property name="user.name" value="Mykyta"/>
    <property name="stdout.encoding" value="MS932"/>
    <property name="path.separator" value=";"/>
    <property name="os.version" value="10.0"/>
    <property name="java.runtime.name" value="Java(TM) SE Runtime Environment"/>
    <property name="file.encoding" value="UTF-8"/>
    <property name="java.vm.name" value="Java HotSpot(TM) 64-Bit Server VM"/>
    <property name="localRepository" value="C:\Users\Mykyta\.m2\repository"/>
    <property name="java.vendor.url.bug" value="https://bugreport.java.com/bugreport/"/>
    <property name="java.io.tmpdir" value="C:\Users\Mykyta\AppData\Local\Temp\"/>
    <property name="java.version" value="21.0.2"/>
    <property name="user.dir" value="C:\Users\Mykyta\Desktop\praytracer"/>
    <property name="os.arch" value="amd64"/>
    <property name="java.vm.specification.name" value="Java Virtual Machine Specification"/>
    <property name="sun.os.patch.level" value=""/>
    <property name="native.encoding" value="MS932"/>
    <property name="java.library.path" value="D:\Documents\JavaStuff\jdk21\bin;C:\WINDOWS\Sun\Java\bin;C:\WINDOWS\system32;C:\WINDOWS;D:\Documents\JavaStuff\jdk21\bin;D:\Documents\JavaStuff\bin;D:\Documents\JavaStuff\apache-maven-3.6.3\bin;D:\Documents\JavaStuff\jdk-15.0.1\bin;C:\Program Files\Common Files\Oracle\Java\javapath;C:\Program Files (x86)\Common Files\Oracle\Java\javapath;C:\Program Files (x86)\Common Files\Intel\Shared Libraries\redist\intel64\compiler;C:\Program Files\Python36\Scripts\;C:\Program Files\Python36\;C:\Program Files (x86)\Intel\Intel(R) Management Engine Components\iCLS\;C:\Program Files\Intel\Intel(R) Management Engine Components\iCLS\;C:\Windows\system32;C:\Windows;C:\Windows\System32\Wbem;C:\Windows\System32\WindowsPowerShell\v1.0\;C:\Windows\System32\OpenSSH\;C:\Program Files (x86)\NVIDIA Corporation\PhysX\Common;C:\Program Files\Intel\WiFi\bin\;C:\Program Files\Common Files\Intel\WirelessCommon\;C:\Program Files (x86)\Intel\Intel(R) Management Engine Components\DAL;C:\Program Files\Intel\Intel(R) Management Engine Components\DAL;C:\Program Files (x86)\Intel\Intel(R) Management Engine Components\IPT;C:\Program Files\Intel\Intel(R) Management Engine Components\IPT;C:\Program Files\NVIDIA Corporation\NVIDIA NvDLISR;C:\WINDOWS\system32;C:\WINDOWS;C:\WINDOWS\System32\Wbem;C:\WINDOWS\System32\WindowsPowerShell\v1.0\;C:\WINDOWS\System32\OpenSSH\;C:\Program Files (x86)\CodeBlocks\MinGW\bin;C:\Users\Mykyta\AppData\Local\Programs\Python\Python37-32;D:\ProgramFiles\MinGW\bin;C:\Users\Mykyta\AppData\Roaming\Python\Python36\Scripts;C:\Program Files (x86)\Inno Setup 6;C:\Program Files (x86)\WiX Toolset v3.11\bin;D:\Documents\pathScripts;C:\Program Files\dotnet\;C:\Program Files\Calibre2\;C:\Program Files (x86)\Windows Live\Shared;D:\ProgramFiles\PuTTY\;D:\ProgramFiles\Gpg4win\..\GnuPG\bin;D:\ProgramFiles\Git LFS;C:\Program Files (x86)\Windows Kits\10\Windows Performance Toolkit\;D:\ProgramFiles\CMake\bin;C:\Program Files\Git\cmd;D:\Documents\JavaStuff\jdk21\bin;D:\Documents\JavaStuff\apache-ant-1.9.16\bin;D:\Documents\bin;C:\Users\Mykyta\.cargo\bin;C:\Users\Mykyta\AppData\Local\Programs\Python\Python37-32\Scripts\;C:\Users\Mykyta\AppData\Local\Programs\Python\Python37-32\;C:\Users\Mykyta\AppData\Local\Microsoft\WindowsApps;C:\Program Files\IntelliJ IDEA Community Edition 2019.2.1\bin;C:\Users\Mykyta\AppData\Roaming\Python\Python36\Scripts;D:\ProgramFiles\MinGW\bin;C:\Program Files (x86)\Inno Setup 6;C:\Program Files (x86)\WiX Toolset v3.11\bin;C:\Users\Mykyta\AppData\Local\Microsoft\WindowsApps;D:\Documents\JavaStuff\apache-maven-3.6.3\apache-maven\src\bin;D:\ProgramFiles\JetBrains\IntelliJ IDEA 2024.2.4\bin;;D:\Documents\pathScripts;C:\Users\Mykyta\AppData\Local\GitHubDesktop\bin;D:\ProgramFiles\Microsoft VS Code\bin;D:\ProgramFiles\texlive\2022\bin\win32;;."/>
    <property name="java.vm.info" value="mixed mode, sharing"/>
    <property name="stderr.encoding" value="MS932"/>
    <property name="java.vendor" value="Oracle Corporation"/>
    <property name="java.vm.version" value="21.0.2+13-LTS-58"/>
    <property name="sun.io.unicode.encoding" value="UnicodeLittle"/>
    <property name="java.class.version" value="65.0"/>
  </properties>
  <testcase name="Is it Friday yet? - Sunday isn&apos;t Friday" classname="Is it Friday yet?" time="0.292">
    <error message="The step &apos;today is Sunday&apos; and 2 other step(s) are undefined.&#10;You can implement these steps using the snippet(s) below:&#10;&#10;@Given(&quot;today is Sunday&quot;)&#10;public void today_is_sunday() {&#10;    // Write code here that turns the phrase above into concrete actions&#10;    throw new io.cucumber.java.PendingException();&#10;}&#10;@When(&quot;I ask whether it&apos;s Friday yet&quot;)&#10;public void i_ask_whether_it_s_friday_yet() {&#10;    // Write code here that turns the phrase above into concrete actions&#10;    throw new io.cucumber.java.PendingException();&#10;}&#10;@Then(&quot;I should be told {string}&quot;)&#10;public void i_should_be_told(String string) {&#10;    // Write code here that turns the phrase above into concrete actions&#10;    throw new io.cucumber.java.PendingException();&#10;}&#10;" type="io.cucumber.junit.platform.engine.UndefinedStepException"><![CDATA[io.cucumber.junit.platform.engine.UndefinedStepException: 
The step 'today is Sunday' and 2 other step(s) are undefined.
You can implement these steps using the snippet(s) below:

@Given("today is Sunday")
public void today_is_sunday() {
    // Write code here that turns the phrase above into concrete actions
    throw new io.cucumber.java.PendingException();
}
@When("I ask whether it's Friday yet")
public void i_ask_whether_it_s_friday_yet() {
    // Write code here that turns the phrase above into concrete actions
    throw new io.cucumber.java.PendingException();
}
@Then("I should be told {string}")
public void i_should_be_told(String string) {
    // Write code here that turns the phrase above into concrete actions
    throw new io.cucumber.java.PendingException();
}

	at io.cucumber.core.runtime.TestCaseResultObserver.assertTestCasePassed(TestCaseResultObserver.java:69)
	at io.cucumber.junit.platform.engine.TestCaseResultObserver.assertTestCasePassed(TestCaseResultObserver.java:22)
	at io.cucumber.junit.platform.engine.CucumberEngineExecutionContext.lambda$runTestCase$4(CucumberEngineExecutionContext.java:116)
	at io.cucumber.core.runtime.CucumberExecutionContext.lambda$runTestCase$5(CucumberExecutionContext.java:136)
	at io.cucumber.core.runtime.RethrowingThrowableCollector.executeAndThrow(RethrowingThrowableCollector.java:23)
	at io.cucumber.core.runtime.CucumberExecutionContext.runTestCase(CucumberExecutionContext.java:136)
	at io.cucumber.junit.platform.engine.CucumberEngineExecutionContext.runTestCase(CucumberEngineExecutionContext.java:111)
	at io.cucumber.junit.platform.engine.NodeDescriptor$PickleDescriptor.execute(NodeDescriptor.java:168)
	at io.cucumber.junit.platform.engine.NodeDescriptor$PickleDescriptor.execute(NodeDescriptor.java:90)
	at java.base/java.util.ArrayList.forEach(ArrayList.java:1596)
	at java.base/java.util.ArrayList.forEach(ArrayList.java:1596)
]]></error>
    <system-out><![CDATA[
Scenario: Sunday isn't Friday        &amp#27;[90m# praytracer/isitfridayyet.feature:4&amp#27;[0m
  &amp#27;[33mGiven &amp#27;[0m&amp#27;[33mtoday is Sunday&amp#27;[0m
  &amp#27;[36mWhen &amp#27;[0m&amp#27;[36mI ask whether it's Friday yet&amp#27;[0m
  &amp#27;[36mThen &amp#27;[0m&amp#27;[36mI should be told "Nope"&amp#27;[0m
]]></system-out>
  </testcase>
  <testcase name="Tuples, Vectors, and Points - A tuple with w=1.0 is a point" classname="Tuples, Vectors, and Points" time="0.099">
    <system-out><![CDATA[
Scenario: A tuple with w=1.0 is a point &amp#27;[90m# praytracer/tuples.feature:3&amp#27;[0m
  &amp#27;[32mGiven &amp#27;[0m&amp#27;[32ma ← tuple(&amp#27;[0m&amp#27;[32m&amp#27;[1m4.3&amp#27;[0m&amp#27;[32m, &amp#27;[0m&amp#27;[32m&amp#27;[1m-4.2&amp#27;[0m&amp#27;[32m, &amp#27;[0m&amp#27;[32m&amp#27;[1m3.1&amp#27;[0m&amp#27;[32m, &amp#27;[0m&amp#27;[32m&amp#27;[1m1.0&amp#27;[0m&amp#27;[32m)&amp#27;[0m  &amp#27;[90m# praytracer.StepDefinitions.a_tuple(java.lang.Double,java.lang.Double,java.lang.Double,java.lang.Double)&amp#27;[0m
  &amp#27;[32mThen &amp#27;[0m&amp#27;[32ma.x = &amp#27;[0m&amp#27;[32m&amp#27;[1m4.3&amp#27;[0m                        &amp#27;[90m# praytracer.StepDefinitions.a_x(java.lang.Double)&amp#27;[0m
  &amp#27;[32mAnd &amp#27;[0m&amp#27;[32ma.y = &amp#27;[0m&amp#27;[32m&amp#27;[1m-4.2&amp#27;[0m                        &amp#27;[90m# praytracer.StepDefinitions.a_y(java.lang.Double)&amp#27;[0m
  &amp#27;[32mAnd &amp#27;[0m&amp#27;[32ma.z = &amp#27;[0m&amp#27;[32m&amp#27;[1m3.1&amp#27;[0m                         &amp#27;[90m# praytracer.StepDefinitions.a_z(java.lang.Double)&amp#27;[0m
  &amp#27;[32mAnd &amp#27;[0m&amp#27;[32ma.w = &amp#27;[0m&amp#27;[32m&amp#27;[1m1.0&amp#27;[0m                         &amp#27;[90m# praytracer.StepDefinitions.a_w(java.lang.Double)&amp#27;[0m
  &amp#27;[32mAnd &amp#27;[0m&amp#27;[32ma is a point&amp#27;[0m                      &amp#27;[90m# praytracer.StepDefinitions.a_is_a_point()&amp#27;[0m
  &amp#27;[32mAnd &amp#27;[0m&amp#27;[32ma is not a vector&amp#27;[0m                 &amp#27;[90m# praytracer.StepDefinitions.a_is_not_a_vector()&amp#27;[0m
]]></system-out>
  </testcase>
  <testcase name="Tuples, Vectors, and Points - A tuple with w=0 is a vector" classname="Tuples, Vectors, and Points" time="0.035">
    <system-out><![CDATA[
Scenario: A tuple with w=0 is a vector &amp#27;[90m# praytracer/tuples.feature:12&amp#27;[0m
  &amp#27;[32mGiven &amp#27;[0m&amp#27;[32ma ← tuple(&amp#27;[0m&amp#27;[32m&amp#27;[1m4.3&amp#27;[0m&amp#27;[32m, &amp#27;[0m&amp#27;[32m&amp#27;[1m-4.2&amp#27;[0m&amp#27;[32m, &amp#27;[0m&amp#27;[32m&amp#27;[1m3.1&amp#27;[0m&amp#27;[32m, &amp#27;[0m&amp#27;[32m&amp#27;[1m0.0&amp#27;[0m&amp#27;[32m)&amp#27;[0m &amp#27;[90m# praytracer.StepDefinitions.a_tuple(java.lang.Double,java.lang.Double,java.lang.Double,java.lang.Double)&amp#27;[0m
  &amp#27;[32mThen &amp#27;[0m&amp#27;[32ma.x = &amp#27;[0m&amp#27;[32m&amp#27;[1m4.3&amp#27;[0m                       &amp#27;[90m# praytracer.StepDefinitions.a_x(java.lang.Double)&amp#27;[0m
  &amp#27;[32mAnd &amp#27;[0m&amp#27;[32ma.y = &amp#27;[0m&amp#27;[32m&amp#27;[1m-4.2&amp#27;[0m                       &amp#27;[90m# praytracer.StepDefinitions.a_y(java.lang.Double)&amp#27;[0m
  &amp#27;[32mAnd &amp#27;[0m&amp#27;[32ma.z = &amp#27;[0m&amp#27;[32m&amp#27;[1m3.1&amp#27;[0m                        &amp#27;[90m# praytracer.StepDefinitions.a_z(java.lang.Double)&amp#27;[0m
  &amp#27;[32mAnd &amp#27;[0m&amp#27;[32ma.w = &amp#27;[0m&amp#27;[32m&amp#27;[1m0.0&amp#27;[0m                        &amp#27;[90m# praytracer.StepDefinitions.a_w(java.lang.Double)&amp#27;[0m
  &amp#27;[32mAnd &amp#27;[0m&amp#27;[32ma is not a point&amp#27;[0m                 &amp#27;[90m# praytracer.StepDefinitions.a_is_not_a_point()&amp#27;[0m
  &amp#27;[32mAnd &amp#27;[0m&amp#27;[32ma is a vector&amp#27;[0m                    &amp#27;[90m# praytracer.StepDefinitions.a_is_a_vector()&amp#27;[0m
]]></system-out>
  </testcase>
  <testcase name="Tuples, Vectors, and Points - point() creates tuples with w=1" classname="Tuples, Vectors, and Points" time="0.057">
    <failure message="expected: &lt;praytracer.Point@66c61024&gt; but was: &lt;praytracer.Tuple@61fe30&gt;" type="org.opentest4j.AssertionFailedError"><![CDATA[org.opentest4j.AssertionFailedError: expected: <praytracer.Point@66c61024> but was: <praytracer.Tuple@61fe30>
	at praytracer.StepDefinitions.p_tuple(StepDefinitions.java:58)
	at ✽.p = tuple(4, -4, 3, 1)(classpath:praytracer/tuples.feature:23)
]]></failure>
    <system-out><![CDATA[
Scenario: point() creates tuples with w=1 &amp#27;[90m# praytracer/tuples.feature:21&amp#27;[0m
  &amp#27;[32mGiven &amp#27;[0m&amp#27;[32mp ← point(&amp#27;[0m&amp#27;[32m&amp#27;[1m4&amp#27;[0m&amp#27;[32m, &amp#27;[0m&amp#27;[32m&amp#27;[1m-4&amp#27;[0m&amp#27;[32m, &amp#27;[0m&amp#27;[32m&amp#27;[1m3&amp#27;[0m&amp#27;[32m)&amp#27;[0m               &amp#27;[90m# praytracer.StepDefinitions.p_point(java.lang.Integer,java.lang.Integer,java.lang.Integer)&amp#27;[0m
  &amp#27;[31mThen &amp#27;[0m&amp#27;[31mp = tuple(&amp#27;[0m&amp#27;[31m&amp#27;[1m4&amp#27;[0m&amp#27;[31m, &amp#27;[0m&amp#27;[31m&amp#27;[1m-4&amp#27;[0m&amp#27;[31m, &amp#27;[0m&amp#27;[31m&amp#27;[1m3&amp#27;[0m&amp#27;[31m, &amp#27;[0m&amp#27;[31m&amp#27;[1m1&amp#27;[0m&amp#27;[31m)&amp#27;[0m             &amp#27;[90m# praytracer.StepDefinitions.p_tuple(java.lang.Integer,java.lang.Integer,java.lang.Integer,java.lang.Integer)&amp#27;[0m
      &amp#27;[31morg.opentest4j.AssertionFailedError: expected: <praytracer.Point@66c61024> but was: <praytracer.Tuple@61fe30>
	at org.junit.jupiter.api.AssertionFailureBuilder.build(AssertionFailureBuilder.java:151)
	at org.junit.jupiter.api.AssertionFailureBuilder.buildAndThrow(AssertionFailureBuilder.java:132)
	at org.junit.jupiter.api.AssertEquals.failNotEqual(AssertEquals.java:197)
	at org.junit.jupiter.api.AssertEquals.assertEquals(AssertEquals.java:182)
	at org.junit.jupiter.api.AssertEquals.assertEquals(AssertEquals.java:177)
	at org.junit.jupiter.api.Assertions.assertEquals(Assertions.java:1145)
	at praytracer.StepDefinitions.p_tuple(StepDefinitions.java:58)
	at ✽.p = tuple(4, -4, 3, 1)(classpath:praytracer/tuples.feature:23)
&amp#27;[0m
]]></system-out>
  </testcase>
  <testcase name="Tuples, Vectors, and Points - vector() creates tuples with w=0" classname="Tuples, Vectors, and Points" time="0.032">
    <failure message="expected: &lt;praytracer.Vector@9ebe38b&gt; but was: &lt;praytracer.Tuple@4b23c30a&gt;" type="org.opentest4j.AssertionFailedError"><![CDATA[org.opentest4j.AssertionFailedError: expected: <praytracer.Vector@9ebe38b> but was: <praytracer.Tuple@4b23c30a>
	at praytracer.StepDefinitions.v_tuple(StepDefinitions.java:68)
	at ✽.v = tuple(4, -4, 3, 0)(classpath:praytracer/tuples.feature:27)
]]></failure>
    <system-out><![CDATA[
Scenario: vector() creates tuples with w=0 &amp#27;[90m# praytracer/tuples.feature:25&amp#27;[0m
  &amp#27;[32mGiven &amp#27;[0m&amp#27;[32mv ← vector(&amp#27;[0m&amp#27;[32m&amp#27;[1m4&amp#27;[0m&amp#27;[32m, &amp#27;[0m&amp#27;[32m&amp#27;[1m-4&amp#27;[0m&amp#27;[32m, &amp#27;[0m&amp#27;[32m&amp#27;[1m3&amp#27;[0m&amp#27;[32m)&amp#27;[0m               &amp#27;[90m# praytracer.StepDefinitions.v_vector(java.lang.Integer,java.lang.Integer,java.lang.Integer)&amp#27;[0m
  &amp#27;[31mThen &amp#27;[0m&amp#27;[31mv = tuple(&amp#27;[0m&amp#27;[31m&amp#27;[1m4&amp#27;[0m&amp#27;[31m, &amp#27;[0m&amp#27;[31m&amp#27;[1m-4&amp#27;[0m&amp#27;[31m, &amp#27;[0m&amp#27;[31m&amp#27;[1m3&amp#27;[0m&amp#27;[31m, &amp#27;[0m&amp#27;[31m&amp#27;[1m0&amp#27;[0m&amp#27;[31m)&amp#27;[0m              &amp#27;[90m# praytracer.StepDefinitions.v_tuple(java.lang.Integer,java.lang.Integer,java.lang.Integer,java.lang.Integer)&amp#27;[0m
      &amp#27;[31morg.opentest4j.AssertionFailedError: expected: <praytracer.Vector@9ebe38b> but was: <praytracer.Tuple@4b23c30a>
	at org.junit.jupiter.api.AssertionFailureBuilder.build(AssertionFailureBuilder.java:151)
	at org.junit.jupiter.api.AssertionFailureBuilder.buildAndThrow(AssertionFailureBuilder.java:132)
	at org.junit.jupiter.api.AssertEquals.failNotEqual(AssertEquals.java:197)
	at org.junit.jupiter.api.AssertEquals.assertEquals(AssertEquals.java:182)
	at org.junit.jupiter.api.AssertEquals.assertEquals(AssertEquals.java:177)
	at org.junit.jupiter.api.Assertions.assertEquals(Assertions.java:1145)
	at praytracer.StepDefinitions.v_tuple(StepDefinitions.java:68)
	at ✽.v = tuple(4, -4, 3, 0)(classpath:praytracer/tuples.feature:27)
&amp#27;[0m
]]></system-out>
  </testcase>
  <testcase name="Tuples, Vectors, and Points - Adding two tuples" classname="Tuples, Vectors, and Points" time="0.017">
    <failure message="expected: &lt;praytracer.Tuple@30e868be&gt; but was: &lt;praytracer.Tuple@66c92293&gt;" type="org.opentest4j.AssertionFailedError"><![CDATA[org.opentest4j.AssertionFailedError: expected: <praytracer.Tuple@30e868be> but was: <praytracer.Tuple@66c92293>
	at praytracer.StepDefinitions.a1_plus_a2_tuple(StepDefinitions.java:82)
	at ✽.a1 + a2 = tuple(1, 1, 6, 1)(classpath:praytracer/tuples.feature:32)
]]></failure>
    <system-out><![CDATA[
Scenario: Adding two tuples        &amp#27;[90m# praytracer/tuples.feature:29&amp#27;[0m
  &amp#27;[32mGiven &amp#27;[0m&amp#27;[32ma1 ← tuple(&amp#27;[0m&amp#27;[32m&amp#27;[1m3&amp#27;[0m&amp#27;[32m, &amp#27;[0m&amp#27;[32m&amp#27;[1m-2&amp#27;[0m&amp#27;[32m, &amp#27;[0m&amp#27;[32m&amp#27;[1m5&amp#27;[0m&amp#27;[32m, &amp#27;[0m&amp#27;[32m&amp#27;[1m1&amp#27;[0m&amp#27;[32m)&amp#27;[0m    &amp#27;[90m# praytracer.StepDefinitions.a1_tuple(java.lang.Integer,java.lang.Integer,java.lang.Integer,java.lang.Integer)&amp#27;[0m
  &amp#27;[32mAnd &amp#27;[0m&amp#27;[32ma2 ← tuple(&amp#27;[0m&amp#27;[32m&amp#27;[1m-2&amp#27;[0m&amp#27;[32m, &amp#27;[0m&amp#27;[32m&amp#27;[1m3&amp#27;[0m&amp#27;[32m, &amp#27;[0m&amp#27;[32m&amp#27;[1m1&amp#27;[0m&amp#27;[32m, &amp#27;[0m&amp#27;[32m&amp#27;[1m0&amp#27;[0m&amp#27;[32m)&amp#27;[0m      &amp#27;[90m# praytracer.StepDefinitions.a2_tuple(java.lang.Integer,java.lang.Integer,java.lang.Integer,java.lang.Integer)&amp#27;[0m
  &amp#27;[31mThen &amp#27;[0m&amp#27;[31ma1 + a2 = tuple(&amp#27;[0m&amp#27;[31m&amp#27;[1m1&amp#27;[0m&amp#27;[31m, &amp#27;[0m&amp#27;[31m&amp#27;[1m1&amp#27;[0m&amp#27;[31m, &amp#27;[0m&amp#27;[31m&amp#27;[1m6&amp#27;[0m&amp#27;[31m, &amp#27;[0m&amp#27;[31m&amp#27;[1m1&amp#27;[0m&amp#27;[31m)&amp#27;[0m &amp#27;[90m# praytracer.StepDefinitions.a1_plus_a2_tuple(java.lang.Integer,java.lang.Integer,java.lang.Integer,java.lang.Integer)&amp#27;[0m
      &amp#27;[31morg.opentest4j.AssertionFailedError: expected: <praytracer.Tuple@30e868be> but was: <praytracer.Tuple@66c92293>
	at org.junit.jupiter.api.AssertionFailureBuilder.build(AssertionFailureBuilder.java:151)
	at org.junit.jupiter.api.AssertionFailureBuilder.buildAndThrow(AssertionFailureBuilder.java:132)
	at org.junit.jupiter.api.AssertEquals.failNotEqual(AssertEquals.java:197)
	at org.junit.jupiter.api.AssertEquals.assertEquals(AssertEquals.java:182)
	at org.junit.jupiter.api.AssertEquals.assertEquals(AssertEquals.java:177)
	at org.junit.jupiter.api.Assertions.assertEquals(Assertions.java:1145)
	at praytracer.StepDefinitions.a1_plus_a2_tuple(StepDefinitions.java:82)
	at ✽.a1 + a2 = tuple(1, 1, 6, 1)(classpath:praytracer/tuples.feature:32)
&amp#27;[0m
]]></system-out>
  </testcase>
  <testcase name="Tuples, Vectors, and Points - Subtracting two points" classname="Tuples, Vectors, and Points" time="0.013">
    <failure message="expected: &lt;praytracer.Tuple@4f0100a7&gt; but was: &lt;praytracer.Vector@3cdf2c61&gt;" type="org.opentest4j.AssertionFailedError"><![CDATA[org.opentest4j.AssertionFailedError: expected: <praytracer.Tuple@4f0100a7> but was: <praytracer.Vector@3cdf2c61>
	at praytracer.StepDefinitions.p1_sub_p2_vector(StepDefinitions.java:97)
	at ✽.p1 - p2 = vector(-2, -4, -6)(classpath:praytracer/tuples.feature:37)
]]></failure>
    <system-out><![CDATA[
Scenario: Subtracting two points    &amp#27;[90m# praytracer/tuples.feature:34&amp#27;[0m
  &amp#27;[32mGiven &amp#27;[0m&amp#27;[32mp1 ← point(&amp#27;[0m&amp#27;[32m&amp#27;[1m3&amp#27;[0m&amp#27;[32m, &amp#27;[0m&amp#27;[32m&amp#27;[1m2&amp#27;[0m&amp#27;[32m, &amp#27;[0m&amp#27;[32m&amp#27;[1m1&amp#27;[0m&amp#27;[32m)&amp#27;[0m         &amp#27;[90m# praytracer.StepDefinitions.p1_point(java.lang.Integer,java.lang.Integer,java.lang.Integer)&amp#27;[0m
  &amp#27;[32mAnd &amp#27;[0m&amp#27;[32mp2 ← point(&amp#27;[0m&amp#27;[32m&amp#27;[1m5&amp#27;[0m&amp#27;[32m, &amp#27;[0m&amp#27;[32m&amp#27;[1m6&amp#27;[0m&amp#27;[32m, &amp#27;[0m&amp#27;[32m&amp#27;[1m7&amp#27;[0m&amp#27;[32m)&amp#27;[0m           &amp#27;[90m# praytracer.StepDefinitions.p2_point(java.lang.Integer,java.lang.Integer,java.lang.Integer)&amp#27;[0m
  &amp#27;[31mThen &amp#27;[0m&amp#27;[31mp1 - p2 = vector(&amp#27;[0m&amp#27;[31m&amp#27;[1m-2&amp#27;[0m&amp#27;[31m, &amp#27;[0m&amp#27;[31m&amp#27;[1m-4&amp#27;[0m&amp#27;[31m, &amp#27;[0m&amp#27;[31m&amp#27;[1m-6&amp#27;[0m&amp#27;[31m)&amp#27;[0m &amp#27;[90m# praytracer.StepDefinitions.p1_sub_p2_vector(java.lang.Integer,java.lang.Integer,java.lang.Integer)&amp#27;[0m
      &amp#27;[31morg.opentest4j.AssertionFailedError: expected: <praytracer.Tuple@4f0100a7> but was: <praytracer.Vector@3cdf2c61>
	at org.junit.jupiter.api.AssertionFailureBuilder.build(AssertionFailureBuilder.java:151)
	at org.junit.jupiter.api.AssertionFailureBuilder.buildAndThrow(AssertionFailureBuilder.java:132)
	at org.junit.jupiter.api.AssertEquals.failNotEqual(AssertEquals.java:197)
	at org.junit.jupiter.api.AssertEquals.assertEquals(AssertEquals.java:182)
	at org.junit.jupiter.api.AssertEquals.assertEquals(AssertEquals.java:177)
	at org.junit.jupiter.api.Assertions.assertEquals(Assertions.java:1145)
	at praytracer.StepDefinitions.p1_sub_p2_vector(StepDefinitions.java:97)
	at ✽.p1 - p2 = vector(-2, -4, -6)(classpath:praytracer/tuples.feature:37)
&amp#27;[0m
]]></system-out>
  </testcase>
  <testcase name="Tuples, Vectors, and Points - Subtracting a vector from a point" classname="Tuples, Vectors, and Points" time="0.011">
    <error message="Cannot invoke &quot;praytracer.Point.sub(praytracer.Tuple)&quot; because &quot;this.p1&quot; is null" type="java.lang.NullPointerException"><![CDATA[java.lang.NullPointerException: Cannot invoke "praytracer.Point.sub(praytracer.Tuple)" because "this.p1" is null
	at praytracer.StepDefinitions.p_sub_v_point(StepDefinitions.java:102)
	at ✽.p - v = point(-2, -4, -6)(classpath:praytracer/tuples.feature:42)
]]></error>
    <system-out><![CDATA[
Scenario: Subtracting a vector from a point &amp#27;[90m# praytracer/tuples.feature:39&amp#27;[0m
  &amp#27;[32mGiven &amp#27;[0m&amp#27;[32mp ← point(&amp#27;[0m&amp#27;[32m&amp#27;[1m3&amp#27;[0m&amp#27;[32m, &amp#27;[0m&amp#27;[32m&amp#27;[1m2&amp#27;[0m&amp#27;[32m, &amp#27;[0m&amp#27;[32m&amp#27;[1m1&amp#27;[0m&amp#27;[32m)&amp#27;[0m                  &amp#27;[90m# praytracer.StepDefinitions.p_point(java.lang.Integer,java.lang.Integer,java.lang.Integer)&amp#27;[0m
  &amp#27;[32mAnd &amp#27;[0m&amp#27;[32mv ← vector(&amp#27;[0m&amp#27;[32m&amp#27;[1m5&amp#27;[0m&amp#27;[32m, &amp#27;[0m&amp#27;[32m&amp#27;[1m6&amp#27;[0m&amp#27;[32m, &amp#27;[0m&amp#27;[32m&amp#27;[1m7&amp#27;[0m&amp#27;[32m)&amp#27;[0m                   &amp#27;[90m# praytracer.StepDefinitions.v_vector(java.lang.Integer,java.lang.Integer,java.lang.Integer)&amp#27;[0m
  &amp#27;[31mThen &amp#27;[0m&amp#27;[31mp - v = point(&amp#27;[0m&amp#27;[31m&amp#27;[1m-2&amp#27;[0m&amp#27;[31m, &amp#27;[0m&amp#27;[31m&amp#27;[1m-4&amp#27;[0m&amp#27;[31m, &amp#27;[0m&amp#27;[31m&amp#27;[1m-6&amp#27;[0m&amp#27;[31m)&amp#27;[0m            &amp#27;[90m# praytracer.StepDefinitions.p_sub_v_point(java.lang.Integer,java.lang.Integer,java.lang.Integer)&amp#27;[0m
      &amp#27;[31mjava.lang.NullPointerException: Cannot invoke "praytracer.Point.sub(praytracer.Tuple)" because "this.p1" is null
	at praytracer.StepDefinitions.p_sub_v_point(StepDefinitions.java:102)
	at ✽.p - v = point(-2, -4, -6)(classpath:praytracer/tuples.feature:42)
&amp#27;[0m
]]></system-out>
  </testcase>
  <testcase name="Tuples, Vectors, and Points - Subtracting two vectors" classname="Tuples, Vectors, and Points" time="0.013">
    <failure message="expected: &lt;praytracer.Tuple@1e097d59&gt; but was: &lt;praytracer.Vector@673be18f&gt;" type="org.opentest4j.AssertionFailedError"><![CDATA[org.opentest4j.AssertionFailedError: expected: <praytracer.Tuple@1e097d59> but was: <praytracer.Vector@673be18f>
	at praytracer.StepDefinitions.v1_sub_v2_vector(StepDefinitions.java:116)
	at ✽.v1 - v2 = vector(-2, -4, -6)(classpath:praytracer/tuples.feature:47)
]]></failure>
    <system-out><![CDATA[
Scenario: Subtracting two vectors   &amp#27;[90m# praytracer/tuples.feature:44&amp#27;[0m
  &amp#27;[32mGiven &amp#27;[0m&amp#27;[32mv1 ← vector(&amp#27;[0m&amp#27;[32m&amp#27;[1m3&amp#27;[0m&amp#27;[32m, &amp#27;[0m&amp#27;[32m&amp#27;[1m2&amp#27;[0m&amp#27;[32m, &amp#27;[0m&amp#27;[32m&amp#27;[1m1&amp#27;[0m&amp#27;[32m)&amp#27;[0m        &amp#27;[90m# praytracer.StepDefinitions.v1_vector(java.lang.Integer,java.lang.Integer,java.lang.Integer)&amp#27;[0m
  &amp#27;[32mAnd &amp#27;[0m&amp#27;[32mv2 ← vector(&amp#27;[0m&amp#27;[32m&amp#27;[1m5&amp#27;[0m&amp#27;[32m, &amp#27;[0m&amp#27;[32m&amp#27;[1m6&amp#27;[0m&amp#27;[32m, &amp#27;[0m&amp#27;[32m&amp#27;[1m7&amp#27;[0m&amp#27;[32m)&amp#27;[0m          &amp#27;[90m# praytracer.StepDefinitions.v2_vector(java.lang.Integer,java.lang.Integer,java.lang.Integer)&amp#27;[0m
  &amp#27;[31mThen &amp#27;[0m&amp#27;[31mv1 - v2 = vector(&amp#27;[0m&amp#27;[31m&amp#27;[1m-2&amp#27;[0m&amp#27;[31m, &amp#27;[0m&amp#27;[31m&amp#27;[1m-4&amp#27;[0m&amp#27;[31m, &amp#27;[0m&amp#27;[31m&amp#27;[1m-6&amp#27;[0m&amp#27;[31m)&amp#27;[0m &amp#27;[90m# praytracer.StepDefinitions.v1_sub_v2_vector(java.lang.Integer,java.lang.Integer,java.lang.Integer)&amp#27;[0m
      &amp#27;[31morg.opentest4j.AssertionFailedError: expected: <praytracer.Tuple@1e097d59> but was: <praytracer.Vector@673be18f>
	at org.junit.jupiter.api.AssertionFailureBuilder.build(AssertionFailureBuilder.java:151)
	at org.junit.jupiter.api.AssertionFailureBuilder.buildAndThrow(AssertionFailureBuilder.java:132)
	at org.junit.jupiter.api.AssertEquals.failNotEqual(AssertEquals.java:197)
	at org.junit.jupiter.api.AssertEquals.assertEquals(AssertEquals.java:182)
	at org.junit.jupiter.api.AssertEquals.assertEquals(AssertEquals.java:177)
	at org.junit.jupiter.api.Assertions.assertEquals(Assertions.java:1145)
	at praytracer.StepDefinitions.v1_sub_v2_vector(StepDefinitions.java:116)
	at ✽.v1 - v2 = vector(-2, -4, -6)(classpath:praytracer/tuples.feature:47)
&amp#27;[0m
]]></system-out>
  </testcase>
  <testcase name="Tuples, Vectors, and Points - Subtracting a vector from the zero vector" classname="Tuples, Vectors, and Points" time="0.016">
    <failure message="expected: &lt;praytracer.Tuple@39de3d36&gt; but was: &lt;praytracer.Vector@6ce86ce1&gt;" type="org.opentest4j.AssertionFailedError"><![CDATA[org.opentest4j.AssertionFailedError: expected: <praytracer.Tuple@39de3d36> but was: <praytracer.Vector@6ce86ce1>
	at praytracer.StepDefinitions.zero_sub_v_vector(StepDefinitions.java:127)
	at ✽.zero - v = vector(-1, 2, -3)(classpath:praytracer/tuples.feature:52)
]]></failure>
    <system-out><![CDATA[
Scenario: Subtracting a vector from the zero vector &amp#27;[90m# praytracer/tuples.feature:49&amp#27;[0m
  &amp#27;[32mGiven &amp#27;[0m&amp#27;[32mzero ← vector(&amp#27;[0m&amp#27;[32m&amp#27;[1m0&amp#27;[0m&amp#27;[32m, &amp#27;[0m&amp#27;[32m&amp#27;[1m0&amp#27;[0m&amp#27;[32m, &amp#27;[0m&amp#27;[32m&amp#27;[1m0&amp#27;[0m&amp#27;[32m)&amp#27;[0m                      &amp#27;[90m# praytracer.StepDefinitions.zero_vector(java.lang.Integer,java.lang.Integer,java.lang.Integer)&amp#27;[0m
  &amp#27;[32mAnd &amp#27;[0m&amp#27;[32mv ← vector(&amp#27;[0m&amp#27;[32m&amp#27;[1m1&amp#27;[0m&amp#27;[32m, &amp#27;[0m&amp#27;[32m&amp#27;[1m-2&amp#27;[0m&amp#27;[32m, &amp#27;[0m&amp#27;[32m&amp#27;[1m3&amp#27;[0m&amp#27;[32m)&amp#27;[0m                          &amp#27;[90m# praytracer.StepDefinitions.v_vector(java.lang.Integer,java.lang.Integer,java.lang.Integer)&amp#27;[0m
  &amp#27;[31mThen &amp#27;[0m&amp#27;[31mzero - v = vector(&amp#27;[0m&amp#27;[31m&amp#27;[1m-1&amp#27;[0m&amp#27;[31m, &amp#27;[0m&amp#27;[31m&amp#27;[1m2&amp#27;[0m&amp#27;[31m, &amp#27;[0m&amp#27;[31m&amp#27;[1m-3&amp#27;[0m&amp#27;[31m)&amp#27;[0m                 &amp#27;[90m# praytracer.StepDefinitions.zero_sub_v_vector(java.lang.Integer,java.lang.Integer,java.lang.Integer)&amp#27;[0m
      &amp#27;[31morg.opentest4j.AssertionFailedError: expected: <praytracer.Tuple@39de3d36> but was: <praytracer.Vector@6ce86ce1>
	at org.junit.jupiter.api.AssertionFailureBuilder.build(AssertionFailureBuilder.java:151)
	at org.junit.jupiter.api.AssertionFailureBuilder.buildAndThrow(AssertionFailureBuilder.java:132)
	at org.junit.jupiter.api.AssertEquals.failNotEqual(AssertEquals.java:197)
	at org.junit.jupiter.api.AssertEquals.assertEquals(AssertEquals.java:182)
	at org.junit.jupiter.api.AssertEquals.assertEquals(AssertEquals.java:177)
	at org.junit.jupiter.api.Assertions.assertEquals(Assertions.java:1145)
	at praytracer.StepDefinitions.zero_sub_v_vector(StepDefinitions.java:127)
	at ✽.zero - v = vector(-1, 2, -3)(classpath:praytracer/tuples.feature:52)
&amp#27;[0m
]]></system-out>
  </testcase>
  <testcase name="Tuples, Vectors, and Points - Negating a tuple" classname="Tuples, Vectors, and Points" time="0.011">
    <failure message="expected: &lt;praytracer.Tuple@3fed2870&gt; but was: &lt;praytracer.Tuple@77128536&gt;" type="org.opentest4j.AssertionFailedError"><![CDATA[org.opentest4j.AssertionFailedError: expected: <praytracer.Tuple@3fed2870> but was: <praytracer.Tuple@77128536>
	at praytracer.StepDefinitions.a_tuple(StepDefinitions.java:132)
	at ✽.-a = tuple(-1, 2, -3, 4)(classpath:praytracer/tuples.feature:56)
]]></failure>
    <system-out><![CDATA[
Scenario: Negating a tuple      &amp#27;[90m# praytracer/tuples.feature:54&amp#27;[0m
  &amp#27;[32mGiven &amp#27;[0m&amp#27;[32ma ← tuple(&amp#27;[0m&amp#27;[32m&amp#27;[1m1&amp#27;[0m&amp#27;[32m, &amp#27;[0m&amp#27;[32m&amp#27;[1m-2&amp#27;[0m&amp#27;[32m, &amp#27;[0m&amp#27;[32m&amp#27;[1m3&amp#27;[0m&amp#27;[32m, &amp#27;[0m&amp#27;[32m&amp#27;[1m-4&amp#27;[0m&amp#27;[32m)&amp#27;[0m &amp#27;[90m# praytracer.StepDefinitions.a_tuple(java.lang.Double,java.lang.Double,java.lang.Double,java.lang.Double)&amp#27;[0m
  &amp#27;[31mThen &amp#27;[0m&amp#27;[31m-a = tuple(&amp#27;[0m&amp#27;[31m&amp#27;[1m-1&amp#27;[0m&amp#27;[31m, &amp#27;[0m&amp#27;[31m&amp#27;[1m2&amp#27;[0m&amp#27;[31m, &amp#27;[0m&amp#27;[31m&amp#27;[1m-3&amp#27;[0m&amp#27;[31m, &amp#27;[0m&amp#27;[31m&amp#27;[1m4&amp#27;[0m&amp#27;[31m)&amp#27;[0m &amp#27;[90m# praytracer.StepDefinitions.a_tuple(java.lang.Integer,java.lang.Integer,java.lang.Integer,java.lang.Integer)&amp#27;[0m
      &amp#27;[31morg.opentest4j.AssertionFailedError: expected: <praytracer.Tuple@3fed2870> but was: <praytracer.Tuple@77128536>
	at org.junit.jupiter.api.AssertionFailureBuilder.build(AssertionFailureBuilder.java:151)
	at org.junit.jupiter.api.AssertionFailureBuilder.buildAndThrow(AssertionFailureBuilder.java:132)
	at org.junit.jupiter.api.AssertEquals.failNotEqual(AssertEquals.java:197)
	at org.junit.jupiter.api.AssertEquals.assertEquals(AssertEquals.java:182)
	at org.junit.jupiter.api.AssertEquals.assertEquals(AssertEquals.java:177)
	at org.junit.jupiter.api.Assertions.assertEquals(Assertions.java:1145)
	at praytracer.StepDefinitions.a_tuple(StepDefinitions.java:132)
	at ✽.-a = tuple(-1, 2, -3, 4)(classpath:praytracer/tuples.feature:56)
&amp#27;[0m
]]></system-out>
  </testcase>
  <testcase name="Tuples, Vectors, and Points - Multiplying a tuple by a scalar" classname="Tuples, Vectors, and Points" time="0.011">
    <failure message="expected: &lt;praytracer.Tuple@7ae42ce3&gt; but was: &lt;praytracer.Tuple@4f5991f6&gt;" type="org.opentest4j.AssertionFailedError"><![CDATA[org.opentest4j.AssertionFailedError: expected: <praytracer.Tuple@7ae42ce3> but was: <praytracer.Tuple@4f5991f6>
	at praytracer.StepDefinitions.a_mul_tuple(StepDefinitions.java:137)
	at ✽.a * 3.5 = tuple(3.5, -7, 10.5, -14)(classpath:praytracer/tuples.feature:60)
]]></failure>
    <system-out><![CDATA[
Scenario: Multiplying a tuple by a scalar  &amp#27;[90m# praytracer/tuples.feature:58&amp#27;[0m
  &amp#27;[32mGiven &amp#27;[0m&amp#27;[32ma ← tuple(&amp#27;[0m&amp#27;[32m&amp#27;[1m1&amp#27;[0m&amp#27;[32m, &amp#27;[0m&amp#27;[32m&amp#27;[1m-2&amp#27;[0m&amp#27;[32m, &amp#27;[0m&amp#27;[32m&amp#27;[1m3&amp#27;[0m&amp#27;[32m, &amp#27;[0m&amp#27;[32m&amp#27;[1m-4&amp#27;[0m&amp#27;[32m)&amp#27;[0m            &amp#27;[90m# praytracer.StepDefinitions.a_tuple(java.lang.Double,java.lang.Double,java.lang.Double,java.lang.Double)&amp#27;[0m
  &amp#27;[31mThen &amp#27;[0m&amp#27;[31ma * &amp#27;[0m&amp#27;[31m&amp#27;[1m3.5&amp#27;[0m&amp#27;[31m = tuple(&amp#27;[0m&amp#27;[31m&amp#27;[1m3.5&amp#27;[0m&amp#27;[31m, &amp#27;[0m&amp#27;[31m&amp#27;[1m-7&amp#27;[0m&amp#27;[31m, &amp#27;[0m&amp#27;[31m&amp#27;[1m10.5&amp#27;[0m&amp#27;[31m, &amp#27;[0m&amp#27;[31m&amp#27;[1m-14&amp#27;[0m&amp#27;[31m)&amp#27;[0m &amp#27;[90m# praytracer.StepDefinitions.a_mul_tuple(java.lang.Double,java.lang.Double,java.lang.Double,java.lang.Double,java.lang.Double)&amp#27;[0m
      &amp#27;[31morg.opentest4j.AssertionFailedError: expected: <praytracer.Tuple@7ae42ce3> but was: <praytracer.Tuple@4f5991f6>
	at org.junit.jupiter.api.AssertionFailureBuilder.build(AssertionFailureBuilder.java:151)
	at org.junit.jupiter.api.AssertionFailureBuilder.buildAndThrow(AssertionFailureBuilder.java:132)
	at org.junit.jupiter.api.AssertEquals.failNotEqual(AssertEquals.java:197)
	at org.junit.jupiter.api.AssertEquals.assertEquals(AssertEquals.java:182)
	at org.junit.jupiter.api.AssertEquals.assertEquals(AssertEquals.java:177)
	at org.junit.jupiter.api.Assertions.assertEquals(Assertions.java:1145)
	at praytracer.StepDefinitions.a_mul_tuple(StepDefinitions.java:137)
	at ✽.a * 3.5 = tuple(3.5, -7, 10.5, -14)(classpath:praytracer/tuples.feature:60)
&amp#27;[0m
]]></system-out>
  </testcase>
  <testcase name="Tuples, Vectors, and Points - Multiplying a tuple by a fraction" classname="Tuples, Vectors, and Points" time="0.01">
    <failure message="expected: &lt;praytracer.Tuple@38234a38&gt; but was: &lt;praytracer.Tuple@63fbfaeb&gt;" type="org.opentest4j.AssertionFailedError"><![CDATA[org.opentest4j.AssertionFailedError: expected: <praytracer.Tuple@38234a38> but was: <praytracer.Tuple@63fbfaeb>
	at praytracer.StepDefinitions.a_mul_tuple(StepDefinitions.java:137)
	at ✽.a * 0.5 = tuple(0.5, -1, 1.5, -2)(classpath:praytracer/tuples.feature:64)
]]></failure>
    <system-out><![CDATA[
Scenario: Multiplying a tuple by a fraction &amp#27;[90m# praytracer/tuples.feature:62&amp#27;[0m
  &amp#27;[32mGiven &amp#27;[0m&amp#27;[32ma ← tuple(&amp#27;[0m&amp#27;[32m&amp#27;[1m1&amp#27;[0m&amp#27;[32m, &amp#27;[0m&amp#27;[32m&amp#27;[1m-2&amp#27;[0m&amp#27;[32m, &amp#27;[0m&amp#27;[32m&amp#27;[1m3&amp#27;[0m&amp#27;[32m, &amp#27;[0m&amp#27;[32m&amp#27;[1m-4&amp#27;[0m&amp#27;[32m)&amp#27;[0m             &amp#27;[90m# praytracer.StepDefinitions.a_tuple(java.lang.Double,java.lang.Double,java.lang.Double,java.lang.Double)&amp#27;[0m
  &amp#27;[31mThen &amp#27;[0m&amp#27;[31ma * &amp#27;[0m&amp#27;[31m&amp#27;[1m0.5&amp#27;[0m&amp#27;[31m = tuple(&amp#27;[0m&amp#27;[31m&amp#27;[1m0.5&amp#27;[0m&amp#27;[31m, &amp#27;[0m&amp#27;[31m&amp#27;[1m-1&amp#27;[0m&amp#27;[31m, &amp#27;[0m&amp#27;[31m&amp#27;[1m1.5&amp#27;[0m&amp#27;[31m, &amp#27;[0m&amp#27;[31m&amp#27;[1m-2&amp#27;[0m&amp#27;[31m)&amp#27;[0m    &amp#27;[90m# praytracer.StepDefinitions.a_mul_tuple(java.lang.Double,java.lang.Double,java.lang.Double,java.lang.Double,java.lang.Double)&amp#27;[0m
      &amp#27;[31morg.opentest4j.AssertionFailedError: expected: <praytracer.Tuple@38234a38> but was: <praytracer.Tuple@63fbfaeb>
	at org.junit.jupiter.api.AssertionFailureBuilder.build(AssertionFailureBuilder.java:151)
	at org.junit.jupiter.api.AssertionFailureBuilder.buildAndThrow(AssertionFailureBuilder.java:132)
	at org.junit.jupiter.api.AssertEquals.failNotEqual(AssertEquals.java:197)
	at org.junit.jupiter.api.AssertEquals.assertEquals(AssertEquals.java:182)
	at org.junit.jupiter.api.AssertEquals.assertEquals(AssertEquals.java:177)
	at org.junit.jupiter.api.Assertions.assertEquals(Assertions.java:1145)
	at praytracer.StepDefinitions.a_mul_tuple(StepDefinitions.java:137)
	at ✽.a * 0.5 = tuple(0.5, -1, 1.5, -2)(classpath:praytracer/tuples.feature:64)
&amp#27;[0m
]]></system-out>
  </testcase>
  <testcase name="Tuples, Vectors, and Points - Dividing a tuple by a scalar" classname="Tuples, Vectors, and Points" time="0.01">
    <failure message="expected: &lt;praytracer.Tuple@2c07545f&gt; but was: &lt;praytracer.Tuple@e57b96d&gt;" type="org.opentest4j.AssertionFailedError"><![CDATA[org.opentest4j.AssertionFailedError: expected: <praytracer.Tuple@2c07545f> but was: <praytracer.Tuple@e57b96d>
	at praytracer.StepDefinitions.a_div_tuple(StepDefinitions.java:142)
	at ✽.a / 2 = tuple(0.5, -1, 1.5, -2)(classpath:praytracer/tuples.feature:68)
]]></failure>
    <system-out><![CDATA[
Scenario: Dividing a tuple by a scalar &amp#27;[90m# praytracer/tuples.feature:66&amp#27;[0m
  &amp#27;[32mGiven &amp#27;[0m&amp#27;[32ma ← tuple(&amp#27;[0m&amp#27;[32m&amp#27;[1m1&amp#27;[0m&amp#27;[32m, &amp#27;[0m&amp#27;[32m&amp#27;[1m-2&amp#27;[0m&amp#27;[32m, &amp#27;[0m&amp#27;[32m&amp#27;[1m3&amp#27;[0m&amp#27;[32m, &amp#27;[0m&amp#27;[32m&amp#27;[1m-4&amp#27;[0m&amp#27;[32m)&amp#27;[0m        &amp#27;[90m# praytracer.StepDefinitions.a_tuple(java.lang.Double,java.lang.Double,java.lang.Double,java.lang.Double)&amp#27;[0m
  &amp#27;[31mThen &amp#27;[0m&amp#27;[31ma / &amp#27;[0m&amp#27;[31m&amp#27;[1m2&amp#27;[0m&amp#27;[31m = tuple(&amp#27;[0m&amp#27;[31m&amp#27;[1m0.5&amp#27;[0m&amp#27;[31m, &amp#27;[0m&amp#27;[31m&amp#27;[1m-1&amp#27;[0m&amp#27;[31m, &amp#27;[0m&amp#27;[31m&amp#27;[1m1.5&amp#27;[0m&amp#27;[31m, &amp#27;[0m&amp#27;[31m&amp#27;[1m-2&amp#27;[0m&amp#27;[31m)&amp#27;[0m &amp#27;[90m# praytracer.StepDefinitions.a_div_tuple(java.lang.Double,java.lang.Double,java.lang.Double,java.lang.Double,java.lang.Double)&amp#27;[0m
      &amp#27;[31morg.opentest4j.AssertionFailedError: expected: <praytracer.Tuple@2c07545f> but was: <praytracer.Tuple@e57b96d>
	at org.junit.jupiter.api.AssertionFailureBuilder.build(AssertionFailureBuilder.java:151)
	at org.junit.jupiter.api.AssertionFailureBuilder.buildAndThrow(AssertionFailureBuilder.java:132)
	at org.junit.jupiter.api.AssertEquals.failNotEqual(AssertEquals.java:197)
	at org.junit.jupiter.api.AssertEquals.assertEquals(AssertEquals.java:182)
	at org.junit.jupiter.api.AssertEquals.assertEquals(AssertEquals.java:177)
	at org.junit.jupiter.api.Assertions.assertEquals(Assertions.java:1145)
	at praytracer.StepDefinitions.a_div_tuple(StepDefinitions.java:142)
	at ✽.a / 2 = tuple(0.5, -1, 1.5, -2)(classpath:praytracer/tuples.feature:68)
&amp#27;[0m
]]></system-out>
  </testcase>
  <testcase name="Tuples, Vectors, and Points - Computing the magnitude of vector(1, 0, 0)" classname="Tuples, Vectors, and Points" time="0.011">
    <error message="TODO: implement me" type="io.cucumber.java.PendingException"><![CDATA[io.cucumber.java.PendingException: TODO: implement me
	at praytracer.StepDefinitions.magnitude_v(StepDefinitions.java:148)
	at ✽.magnitude(v) = 1(classpath:praytracer/tuples.feature:72)
]]></error>
    <system-out><![CDATA[
Scenario: Computing the magnitude of vector(1, 0, 0) &amp#27;[90m# praytracer/tuples.feature:70&amp#27;[0m
  &amp#27;[32mGiven &amp#27;[0m&amp#27;[32mv ← vector(&amp#27;[0m&amp#27;[32m&amp#27;[1m1&amp#27;[0m&amp#27;[32m, &amp#27;[0m&amp#27;[32m&amp#27;[1m0&amp#27;[0m&amp#27;[32m, &amp#27;[0m&amp#27;[32m&amp#27;[1m0&amp#27;[0m&amp#27;[32m)&amp#27;[0m                          &amp#27;[90m# praytracer.StepDefinitions.v_vector(java.lang.Integer,java.lang.Integer,java.lang.Integer)&amp#27;[0m
  &amp#27;[33mThen &amp#27;[0m&amp#27;[33mmagnitude(v) = &amp#27;[0m&amp#27;[33m&amp#27;[1m1&amp#27;[0m                              &amp#27;[90m# praytracer.StepDefinitions.magnitude_v(java.lang.Integer)&amp#27;[0m
      &amp#27;[33mio.cucumber.java.PendingException: TODO: implement me
	at praytracer.StepDefinitions.magnitude_v(StepDefinitions.java:148)
	at ✽.magnitude(v) = 1(classpath:praytracer/tuples.feature:72)
&amp#27;[0m
]]></system-out>
  </testcase>
  <testcase name="Tuples, Vectors, and Points - Computing the magnitude of vector(0, 1, 0)" classname="Tuples, Vectors, and Points" time="0.006">
    <error message="TODO: implement me" type="io.cucumber.java.PendingException"><![CDATA[io.cucumber.java.PendingException: TODO: implement me
	at praytracer.StepDefinitions.magnitude_v(StepDefinitions.java:148)
	at ✽.magnitude(v) = 1(classpath:praytracer/tuples.feature:76)
]]></error>
    <system-out><![CDATA[
Scenario: Computing the magnitude of vector(0, 1, 0) &amp#27;[90m# praytracer/tuples.feature:74&amp#27;[0m
  &amp#27;[32mGiven &amp#27;[0m&amp#27;[32mv ← vector(&amp#27;[0m&amp#27;[32m&amp#27;[1m0&amp#27;[0m&amp#27;[32m, &amp#27;[0m&amp#27;[32m&amp#27;[1m1&amp#27;[0m&amp#27;[32m, &amp#27;[0m&amp#27;[32m&amp#27;[1m0&amp#27;[0m&amp#27;[32m)&amp#27;[0m                          &amp#27;[90m# praytracer.StepDefinitions.v_vector(java.lang.Integer,java.lang.Integer,java.lang.Integer)&amp#27;[0m
  &amp#27;[33mThen &amp#27;[0m&amp#27;[33mmagnitude(v) = &amp#27;[0m&amp#27;[33m&amp#27;[1m1&amp#27;[0m                              &amp#27;[90m# praytracer.StepDefinitions.magnitude_v(java.lang.Integer)&amp#27;[0m
      &amp#27;[33mio.cucumber.java.PendingException: TODO: implement me
	at praytracer.StepDefinitions.magnitude_v(StepDefinitions.java:148)
	at ✽.magnitude(v) = 1(classpath:praytracer/tuples.feature:76)
&amp#27;[0m
]]></system-out>
  </testcase>
  <testcase name="Tuples, Vectors, and Points - Computing the magnitude of vector(0, 0, 1)" classname="Tuples, Vectors, and Points" time="0.005">
    <error message="TODO: implement me" type="io.cucumber.java.PendingException"><![CDATA[io.cucumber.java.PendingException: TODO: implement me
	at praytracer.StepDefinitions.magnitude_v(StepDefinitions.java:148)
	at ✽.magnitude(v) = 1(classpath:praytracer/tuples.feature:80)
]]></error>
    <system-out><![CDATA[
Scenario: Computing the magnitude of vector(0, 0, 1) &amp#27;[90m# praytracer/tuples.feature:78&amp#27;[0m
  &amp#27;[32mGiven &amp#27;[0m&amp#27;[32mv ← vector(&amp#27;[0m&amp#27;[32m&amp#27;[1m0&amp#27;[0m&amp#27;[32m, &amp#27;[0m&amp#27;[32m&amp#27;[1m0&amp#27;[0m&amp#27;[32m, &amp#27;[0m&amp#27;[32m&amp#27;[1m1&amp#27;[0m&amp#27;[32m)&amp#27;[0m                          &amp#27;[90m# praytracer.StepDefinitions.v_vector(java.lang.Integer,java.lang.Integer,java.lang.Integer)&amp#27;[0m
  &amp#27;[33mThen &amp#27;[0m&amp#27;[33mmagnitude(v) = &amp#27;[0m&amp#27;[33m&amp#27;[1m1&amp#27;[0m                              &amp#27;[90m# praytracer.StepDefinitions.magnitude_v(java.lang.Integer)&amp#27;[0m
      &amp#27;[33mio.cucumber.java.PendingException: TODO: implement me
	at praytracer.StepDefinitions.magnitude_v(StepDefinitions.java:148)
	at ✽.magnitude(v) = 1(classpath:praytracer/tuples.feature:80)
&amp#27;[0m
]]></system-out>
  </testcase>
  <testcase name="Tuples, Vectors, and Points - Computing the magnitude of vector(1, 2, 3)" classname="Tuples, Vectors, and Points" time="0.009">
    <error message="The step &apos;magnitude(v) = √14&apos; is undefined.&#10;You can implement this step using the snippet(s) below:&#10;&#10;@Then(&quot;magnitude\\(v) = √{int}&quot;)&#10;public void magnitude_v(Integer int1) {&#10;    // Write code here that turns the phrase above into concrete actions&#10;    throw new io.cucumber.java.PendingException();&#10;}&#10;" type="io.cucumber.junit.platform.engine.UndefinedStepException"><![CDATA[io.cucumber.junit.platform.engine.UndefinedStepException: 
The step 'magnitude(v) = √14' is undefined.
You can implement this step using the snippet(s) below:

@Then("magnitude\\(v) = √{int}")
public void magnitude_v(Integer int1) {
    // Write code here that turns the phrase above into concrete actions
    throw new io.cucumber.java.PendingException();
}

	at io.cucumber.core.runtime.TestCaseResultObserver.assertTestCasePassed(TestCaseResultObserver.java:69)
	at io.cucumber.junit.platform.engine.TestCaseResultObserver.assertTestCasePassed(TestCaseResultObserver.java:22)
	at io.cucumber.junit.platform.engine.CucumberEngineExecutionContext.lambda$runTestCase$4(CucumberEngineExecutionContext.java:116)
	at io.cucumber.core.runtime.CucumberExecutionContext.lambda$runTestCase$5(CucumberExecutionContext.java:136)
	at io.cucumber.core.runtime.RethrowingThrowableCollector.executeAndThrow(RethrowingThrowableCollector.java:23)
	at io.cucumber.core.runtime.CucumberExecutionContext.runTestCase(CucumberExecutionContext.java:136)
	at io.cucumber.junit.platform.engine.CucumberEngineExecutionContext.runTestCase(CucumberEngineExecutionContext.java:111)
	at io.cucumber.junit.platform.engine.NodeDescriptor$PickleDescriptor.execute(NodeDescriptor.java:168)
	at io.cucumber.junit.platform.engine.NodeDescriptor$PickleDescriptor.execute(NodeDescriptor.java:90)
	at java.base/java.util.ArrayList.forEach(ArrayList.java:1596)
	at java.base/java.util.ArrayList.forEach(ArrayList.java:1596)
]]></error>
    <system-out><![CDATA[
Scenario: Computing the magnitude of vector(1, 2, 3) &amp#27;[90m# praytracer/tuples.feature:82&amp#27;[0m
  &amp#27;[32mGiven &amp#27;[0m&amp#27;[32mv ← vector(&amp#27;[0m&amp#27;[32m&amp#27;[1m1&amp#27;[0m&amp#27;[32m, &amp#27;[0m&amp#27;[32m&amp#27;[1m2&amp#27;[0m&amp#27;[32m, &amp#27;[0m&amp#27;[32m&amp#27;[1m3&amp#27;[0m&amp#27;[32m)&amp#27;[0m                          &amp#27;[90m# praytracer.StepDefinitions.v_vector(java.lang.Integer,java.lang.Integer,java.lang.Integer)&amp#27;[0m
  &amp#27;[33mThen &amp#27;[0m&amp#27;[33mmagnitude(v) = √14&amp#27;[0m
]]></system-out>
  </testcase>
  <testcase name="Tuples, Vectors, and Points - Computing the magnitude of vector(-1, -2, -3)" classname="Tuples, Vectors, and Points" time="0.006">
    <error message="The step &apos;magnitude(v) = √14&apos; is undefined.&#10;You can implement this step using the snippet(s) below:&#10;&#10;@Then(&quot;magnitude\\(v) = √{int}&quot;)&#10;public void magnitude_v(Integer int1) {&#10;    // Write code here that turns the phrase above into concrete actions&#10;    throw new io.cucumber.java.PendingException();&#10;}&#10;" type="io.cucumber.junit.platform.engine.UndefinedStepException"><![CDATA[io.cucumber.junit.platform.engine.UndefinedStepException: 
The step 'magnitude(v) = √14' is undefined.
You can implement this step using the snippet(s) below:

@Then("magnitude\\(v) = √{int}")
public void magnitude_v(Integer int1) {
    // Write code here that turns the phrase above into concrete actions
    throw new io.cucumber.java.PendingException();
}

	at io.cucumber.core.runtime.TestCaseResultObserver.assertTestCasePassed(TestCaseResultObserver.java:69)
	at io.cucumber.junit.platform.engine.TestCaseResultObserver.assertTestCasePassed(TestCaseResultObserver.java:22)
	at io.cucumber.junit.platform.engine.CucumberEngineExecutionContext.lambda$runTestCase$4(CucumberEngineExecutionContext.java:116)
	at io.cucumber.core.runtime.CucumberExecutionContext.lambda$runTestCase$5(CucumberExecutionContext.java:136)
	at io.cucumber.core.runtime.RethrowingThrowableCollector.executeAndThrow(RethrowingThrowableCollector.java:23)
	at io.cucumber.core.runtime.CucumberExecutionContext.runTestCase(CucumberExecutionContext.java:136)
	at io.cucumber.junit.platform.engine.CucumberEngineExecutionContext.runTestCase(CucumberEngineExecutionContext.java:111)
	at io.cucumber.junit.platform.engine.NodeDescriptor$PickleDescriptor.execute(NodeDescriptor.java:168)
	at io.cucumber.junit.platform.engine.NodeDescriptor$PickleDescriptor.execute(NodeDescriptor.java:90)
	at java.base/java.util.ArrayList.forEach(ArrayList.java:1596)
	at java.base/java.util.ArrayList.forEach(ArrayList.java:1596)
]]></error>
    <system-out><![CDATA[
Scenario: Computing the magnitude of vector(-1, -2, -3) &amp#27;[90m# praytracer/tuples.feature:86&amp#27;[0m
  &amp#27;[32mGiven &amp#27;[0m&amp#27;[32mv ← vector(&amp#27;[0m&amp#27;[32m&amp#27;[1m-1&amp#27;[0m&amp#27;[32m, &amp#27;[0m&amp#27;[32m&amp#27;[1m-2&amp#27;[0m&amp#27;[32m, &amp#27;[0m&amp#27;[32m&amp#27;[1m-3&amp#27;[0m&amp#27;[32m)&amp#27;[0m                          &amp#27;[90m# praytracer.StepDefinitions.v_vector(java.lang.Integer,java.lang.Integer,java.lang.Integer)&amp#27;[0m
  &amp#27;[33mThen &amp#27;[0m&amp#27;[33mmagnitude(v) = √14&amp#27;[0m
]]></system-out>
  </testcase>
  <testcase name="Tuples, Vectors, and Points - Normalizing vector(4, 0, 0) gives (1, 0, 0)" classname="Tuples, Vectors, and Points" time="0.006">
    <error message="TODO: implement me" type="io.cucumber.java.PendingException"><![CDATA[io.cucumber.java.PendingException: TODO: implement me
	at praytracer.StepDefinitions.normalize_v_vector(StepDefinitions.java:154)
	at ✽.normalize(v) = vector(1, 0, 0)(classpath:praytracer/tuples.feature:92)
]]></error>
    <system-out><![CDATA[
Scenario: Normalizing vector(4, 0, 0) gives (1, 0, 0) &amp#27;[90m# praytracer/tuples.feature:90&amp#27;[0m
  &amp#27;[32mGiven &amp#27;[0m&amp#27;[32mv ← vector(&amp#27;[0m&amp#27;[32m&amp#27;[1m4&amp#27;[0m&amp#27;[32m, &amp#27;[0m&amp#27;[32m&amp#27;[1m0&amp#27;[0m&amp#27;[32m, &amp#27;[0m&amp#27;[32m&amp#27;[1m0&amp#27;[0m&amp#27;[32m)&amp#27;[0m                           &amp#27;[90m# praytracer.StepDefinitions.v_vector(java.lang.Integer,java.lang.Integer,java.lang.Integer)&amp#27;[0m
  &amp#27;[33mThen &amp#27;[0m&amp#27;[33mnormalize(v) = vector(&amp#27;[0m&amp#27;[33m&amp#27;[1m1&amp#27;[0m&amp#27;[33m, &amp#27;[0m&amp#27;[33m&amp#27;[1m0&amp#27;[0m&amp#27;[33m, &amp#27;[0m&amp#27;[33m&amp#27;[1m0&amp#27;[0m&amp#27;[33m)&amp#27;[0m                 &amp#27;[90m# praytracer.StepDefinitions.normalize_v_vector(java.lang.Integer,java.lang.Integer,java.lang.Integer)&amp#27;[0m
      &amp#27;[33mio.cucumber.java.PendingException: TODO: implement me
	at praytracer.StepDefinitions.normalize_v_vector(StepDefinitions.java:154)
	at ✽.normalize(v) = vector(1, 0, 0)(classpath:praytracer/tuples.feature:92)
&amp#27;[0m
]]></system-out>
  </testcase>
  <testcase name="Tuples, Vectors, and Points - Normalizing vector(1, 2, 3)" classname="Tuples, Vectors, and Points" time="0.006">
    <error message="TODO: implement me" type="io.cucumber.java.PendingException"><![CDATA[io.cucumber.java.PendingException: TODO: implement me
	at praytracer.StepDefinitions.normalize_v_approximately_vector(StepDefinitions.java:160)
	at ✽.normalize(v) = approximately vector(0.26726, 0.53452, 0.80178)(classpath:praytracer/tuples.feature:97)
]]></error>
    <system-out><![CDATA[
Scenario: Normalizing vector(1, 2, 3)                                 &amp#27;[90m# praytracer/tuples.feature:94&amp#27;[0m
  &amp#27;[32mGiven &amp#27;[0m&amp#27;[32mv ← vector(&amp#27;[0m&amp#27;[32m&amp#27;[1m1&amp#27;[0m&amp#27;[32m, &amp#27;[0m&amp#27;[32m&amp#27;[1m2&amp#27;[0m&amp#27;[32m, &amp#27;[0m&amp#27;[32m&amp#27;[1m3&amp#27;[0m&amp#27;[32m)&amp#27;[0m                                           &amp#27;[90m# praytracer.StepDefinitions.v_vector(java.lang.Integer,java.lang.Integer,java.lang.Integer)&amp#27;[0m
  &amp#27;[33mThen &amp#27;[0m&amp#27;[33mnormalize(v) = approximately vector(&amp#27;[0m&amp#27;[33m&amp#27;[1m0.26726&amp#27;[0m&amp#27;[33m, &amp#27;[0m&amp#27;[33m&amp#27;[1m0.53452&amp#27;[0m&amp#27;[33m, &amp#27;[0m&amp#27;[33m&amp#27;[1m0.80178&amp#27;[0m&amp#27;[33m)&amp#27;[0m &amp#27;[90m# praytracer.StepDefinitions.normalize_v_approximately_vector(java.lang.Double,java.lang.Double,java.lang.Double)&amp#27;[0m
      &amp#27;[33mio.cucumber.java.PendingException: TODO: implement me
	at praytracer.StepDefinitions.normalize_v_approximately_vector(StepDefinitions.java:160)
	at ✽.normalize(v) = approximately vector(0.26726, 0.53452, 0.80178)(classpath:praytracer/tuples.feature:97)
&amp#27;[0m
]]></system-out>
  </testcase>
  <testcase name="Tuples, Vectors, and Points - The magnitude of a normalized vector" classname="Tuples, Vectors, and Points" time="0.007">
    <error message="TODO: implement me" type="io.cucumber.java.PendingException"><![CDATA[io.cucumber.java.PendingException: TODO: implement me
	at praytracer.StepDefinitions.norm_normalize_v(StepDefinitions.java:166)
	at ✽.norm ← normalize(v)(classpath:praytracer/tuples.feature:101)
]]></error>
    <system-out><![CDATA[
Scenario: The magnitude of a normalized vector &amp#27;[90m# praytracer/tuples.feature:99&amp#27;[0m
  &amp#27;[32mGiven &amp#27;[0m&amp#27;[32mv ← vector(&amp#27;[0m&amp#27;[32m&amp#27;[1m1&amp#27;[0m&amp#27;[32m, &amp#27;[0m&amp#27;[32m&amp#27;[1m2&amp#27;[0m&amp#27;[32m, &amp#27;[0m&amp#27;[32m&amp#27;[1m3&amp#27;[0m&amp#27;[32m)&amp#27;[0m                    &amp#27;[90m# praytracer.StepDefinitions.v_vector(java.lang.Integer,java.lang.Integer,java.lang.Integer)&amp#27;[0m
  &amp#27;[33mWhen &amp#27;[0m&amp#27;[33mnorm ← normalize(v)&amp#27;[0m                     &amp#27;[90m# praytracer.StepDefinitions.norm_normalize_v()&amp#27;[0m
      &amp#27;[33mio.cucumber.java.PendingException: TODO: implement me
	at praytracer.StepDefinitions.norm_normalize_v(StepDefinitions.java:166)
	at ✽.norm ← normalize(v)(classpath:praytracer/tuples.feature:101)
&amp#27;[0m
  &amp#27;[36mThen &amp#27;[0m&amp#27;[36mmagnitude(norm) = &amp#27;[0m&amp#27;[36m&amp#27;[1m1&amp#27;[0m                     &amp#27;[90m# praytracer.StepDefinitions.magnitude_norm(java.lang.Integer)&amp#27;[0m
]]></system-out>
  </testcase>
  <testcase name="Tuples, Vectors, and Points - The dot product of two tuples" classname="Tuples, Vectors, and Points" time="0.007">
    <error message="TODO: implement me" type="io.cucumber.java.PendingException"><![CDATA[io.cucumber.java.PendingException: TODO: implement me
	at praytracer.StepDefinitions.dot_a_b(StepDefinitions.java:186)
	at ✽.dot(a, b) = 20(classpath:praytracer/tuples.feature:107)
]]></error>
    <system-out><![CDATA[
Scenario: The dot product of two tuples &amp#27;[90m# praytracer/tuples.feature:104&amp#27;[0m
  &amp#27;[32mGiven &amp#27;[0m&amp#27;[32ma ← vector(&amp#27;[0m&amp#27;[32m&amp#27;[1m1&amp#27;[0m&amp#27;[32m, &amp#27;[0m&amp#27;[32m&amp#27;[1m2&amp#27;[0m&amp#27;[32m, &amp#27;[0m&amp#27;[32m&amp#27;[1m3&amp#27;[0m&amp#27;[32m)&amp#27;[0m             &amp#27;[90m# praytracer.StepDefinitions.a_vector(java.lang.Integer,java.lang.Integer,java.lang.Integer)&amp#27;[0m
  &amp#27;[32mAnd &amp#27;[0m&amp#27;[32mb ← vector(&amp#27;[0m&amp#27;[32m&amp#27;[1m2&amp#27;[0m&amp#27;[32m, &amp#27;[0m&amp#27;[32m&amp#27;[1m3&amp#27;[0m&amp#27;[32m, &amp#27;[0m&amp#27;[32m&amp#27;[1m4&amp#27;[0m&amp#27;[32m)&amp#27;[0m               &amp#27;[90m# praytracer.StepDefinitions.b_vector(java.lang.Integer,java.lang.Integer,java.lang.Integer)&amp#27;[0m
  &amp#27;[33mThen &amp#27;[0m&amp#27;[33mdot(a, b) = &amp#27;[0m&amp#27;[33m&amp#27;[1m20&amp#27;[0m                   &amp#27;[90m# praytracer.StepDefinitions.dot_a_b(java.lang.Integer)&amp#27;[0m
      &amp#27;[33mio.cucumber.java.PendingException: TODO: implement me
	at praytracer.StepDefinitions.dot_a_b(StepDefinitions.java:186)
	at ✽.dot(a, b) = 20(classpath:praytracer/tuples.feature:107)
&amp#27;[0m
]]></system-out>
  </testcase>
  <testcase name="Tuples, Vectors, and Points - The cross product of two vectors" classname="Tuples, Vectors, and Points" time="0.007">
    <error message="TODO: implement me" type="io.cucumber.java.PendingException"><![CDATA[io.cucumber.java.PendingException: TODO: implement me
	at praytracer.StepDefinitions.cross_a_b_vector(StepDefinitions.java:192)
	at ✽.cross(a, b) = vector(-1, 2, -1)(classpath:praytracer/tuples.feature:112)
]]></error>
    <system-out><![CDATA[
Scenario: The cross product of two vectors &amp#27;[90m# praytracer/tuples.feature:109&amp#27;[0m
  &amp#27;[32mGiven &amp#27;[0m&amp#27;[32ma ← vector(&amp#27;[0m&amp#27;[32m&amp#27;[1m1&amp#27;[0m&amp#27;[32m, &amp#27;[0m&amp#27;[32m&amp#27;[1m2&amp#27;[0m&amp#27;[32m, &amp#27;[0m&amp#27;[32m&amp#27;[1m3&amp#27;[0m&amp#27;[32m)&amp#27;[0m                &amp#27;[90m# praytracer.StepDefinitions.a_vector(java.lang.Integer,java.lang.Integer,java.lang.Integer)&amp#27;[0m
  &amp#27;[32mAnd &amp#27;[0m&amp#27;[32mb ← vector(&amp#27;[0m&amp#27;[32m&amp#27;[1m2&amp#27;[0m&amp#27;[32m, &amp#27;[0m&amp#27;[32m&amp#27;[1m3&amp#27;[0m&amp#27;[32m, &amp#27;[0m&amp#27;[32m&amp#27;[1m4&amp#27;[0m&amp#27;[32m)&amp#27;[0m                  &amp#27;[90m# praytracer.StepDefinitions.b_vector(java.lang.Integer,java.lang.Integer,java.lang.Integer)&amp#27;[0m
  &amp#27;[33mThen &amp#27;[0m&amp#27;[33mcross(a, b) = vector(&amp#27;[0m&amp#27;[33m&amp#27;[1m-1&amp#27;[0m&amp#27;[33m, &amp#27;[0m&amp#27;[33m&amp#27;[1m2&amp#27;[0m&amp#27;[33m, &amp#27;[0m&amp#27;[33m&amp#27;[1m-1&amp#27;[0m&amp#27;[33m)&amp#27;[0m     &amp#27;[90m# praytracer.StepDefinitions.cross_a_b_vector(java.lang.Integer,java.lang.Integer,java.lang.Integer)&amp#27;[0m
      &amp#27;[33mio.cucumber.java.PendingException: TODO: implement me
	at praytracer.StepDefinitions.cross_a_b_vector(StepDefinitions.java:192)
	at ✽.cross(a, b) = vector(-1, 2, -1)(classpath:praytracer/tuples.feature:112)
&amp#27;[0m
  &amp#27;[36mAnd &amp#27;[0m&amp#27;[36mcross(b, a) = vector(&amp#27;[0m&amp#27;[36m&amp#27;[1m1&amp#27;[0m&amp#27;[36m, &amp#27;[0m&amp#27;[36m&amp#27;[1m-2&amp#27;[0m&amp#27;[36m, &amp#27;[0m&amp#27;[36m&amp#27;[1m1&amp#27;[0m&amp#27;[36m)&amp#27;[0m       &amp#27;[90m# praytracer.StepDefinitions.cross_b_a_vector(java.lang.Integer,java.lang.Integer,java.lang.Integer)&amp#27;[0m
]]></system-out>
  </testcase>
  <testcase name="Tuples, Vectors, and Points - Colors are (red, green, blue) tuples" classname="Tuples, Vectors, and Points" time="0.007">
    <error message="TODO: implement me" type="io.cucumber.java.PendingException"><![CDATA[io.cucumber.java.PendingException: TODO: implement me
	at praytracer.StepDefinitions.c_color(StepDefinitions.java:203)
	at ✽.c ← color(-0.5, 0.4, 1.7)(classpath:praytracer/tuples.feature:116)
]]></error>
    <system-out><![CDATA[
Scenario: Colors are (red, green, blue) tuples &amp#27;[90m# praytracer/tuples.feature:115&amp#27;[0m
  &amp#27;[33mGiven &amp#27;[0m&amp#27;[33mc ← color(&amp#27;[0m&amp#27;[33m&amp#27;[1m-0.5&amp#27;[0m&amp#27;[33m, &amp#27;[0m&amp#27;[33m&amp#27;[1m0.4&amp#27;[0m&amp#27;[33m, &amp#27;[0m&amp#27;[33m&amp#27;[1m1.7&amp#27;[0m&amp#27;[33m)&amp#27;[0m              &amp#27;[90m# praytracer.StepDefinitions.c_color(java.lang.Double,java.lang.Double,java.lang.Double)&amp#27;[0m
      &amp#27;[33mio.cucumber.java.PendingException: TODO: implement me
	at praytracer.StepDefinitions.c_color(StepDefinitions.java:203)
	at ✽.c ← color(-0.5, 0.4, 1.7)(classpath:praytracer/tuples.feature:116)
&amp#27;[0m
  &amp#27;[36mThen &amp#27;[0m&amp#27;[36mc.red = &amp#27;[0m&amp#27;[36m&amp#27;[1m-0.5&amp#27;[0m                            &amp#27;[90m# praytracer.StepDefinitions.c_red(java.lang.Double)&amp#27;[0m
  &amp#27;[36mAnd &amp#27;[0m&amp#27;[36mc.green = &amp#27;[0m&amp#27;[36m&amp#27;[1m0.4&amp#27;[0m                            &amp#27;[90m# praytracer.StepDefinitions.c_green(java.lang.Double)&amp#27;[0m
  &amp#27;[36mAnd &amp#27;[0m&amp#27;[36mc.blue = &amp#27;[0m&amp#27;[36m&amp#27;[1m1.7&amp#27;[0m                             &amp#27;[90m# praytracer.StepDefinitions.c_blue(java.lang.Double)&amp#27;[0m
]]></system-out>
  </testcase>
  <testcase name="Tuples, Vectors, and Points - Adding colors" classname="Tuples, Vectors, and Points" time="0.008">
    <error message="TODO: implement me" type="io.cucumber.java.PendingException"><![CDATA[io.cucumber.java.PendingException: TODO: implement me
	at praytracer.StepDefinitions.c1_color(StepDefinitions.java:224)
	at ✽.c1 ← color(0.9, 0.6, 0.75)(classpath:praytracer/tuples.feature:122)
]]></error>
    <system-out><![CDATA[
Scenario: Adding colors               &amp#27;[90m# praytracer/tuples.feature:121&amp#27;[0m
  &amp#27;[33mGiven &amp#27;[0m&amp#27;[33mc1 ← color(&amp#27;[0m&amp#27;[33m&amp#27;[1m0.9&amp#27;[0m&amp#27;[33m, &amp#27;[0m&amp#27;[33m&amp#27;[1m0.6&amp#27;[0m&amp#27;[33m, &amp#27;[0m&amp#27;[33m&amp#27;[1m0.75&amp#27;[0m&amp#27;[33m)&amp#27;[0m    &amp#27;[90m# praytracer.StepDefinitions.c1_color(java.lang.Double,java.lang.Double,java.lang.Double)&amp#27;[0m
      &amp#27;[33mio.cucumber.java.PendingException: TODO: implement me
	at praytracer.StepDefinitions.c1_color(StepDefinitions.java:224)
	at ✽.c1 ← color(0.9, 0.6, 0.75)(classpath:praytracer/tuples.feature:122)
&amp#27;[0m
  &amp#27;[36mAnd &amp#27;[0m&amp#27;[36mc2 ← color(&amp#27;[0m&amp#27;[36m&amp#27;[1m0.7&amp#27;[0m&amp#27;[36m, &amp#27;[0m&amp#27;[36m&amp#27;[1m0.1&amp#27;[0m&amp#27;[36m, &amp#27;[0m&amp#27;[36m&amp#27;[1m0.25&amp#27;[0m&amp#27;[36m)&amp#27;[0m      &amp#27;[90m# praytracer.StepDefinitions.c2_color(java.lang.Double,java.lang.Double,java.lang.Double)&amp#27;[0m
  &amp#27;[36mThen &amp#27;[0m&amp#27;[36mc1 &amp#27;[0m&amp#27;[36m&amp#27;[1m+&amp#27;[0m&amp#27;[36m c2 = color(&amp#27;[0m&amp#27;[36m&amp#27;[1m1.6&amp#27;[0m&amp#27;[36m, &amp#27;[0m&amp#27;[36m&amp#27;[1m0.7&amp#27;[0m&amp#27;[36m, &amp#27;[0m&amp#27;[36m&amp#27;[1m1.0&amp#27;[0m&amp#27;[36m)&amp#27;[0m &amp#27;[90m# praytracer.StepDefinitions.c1_c2_color(java.lang.Double,java.lang.Double,java.lang.Double,java.lang.Double)&amp#27;[0m
]]></system-out>
  </testcase>
  <testcase name="Tuples, Vectors, and Points - Subtracting colors" classname="Tuples, Vectors, and Points" time="0.005">
    <error message="TODO: implement me" type="io.cucumber.java.PendingException"><![CDATA[io.cucumber.java.PendingException: TODO: implement me
	at praytracer.StepDefinitions.c1_color(StepDefinitions.java:224)
	at ✽.c1 ← color(0.9, 0.6, 0.75)(classpath:praytracer/tuples.feature:127)
]]></error>
    <system-out><![CDATA[
Scenario: Subtracting colors          &amp#27;[90m# praytracer/tuples.feature:126&amp#27;[0m
  &amp#27;[33mGiven &amp#27;[0m&amp#27;[33mc1 ← color(&amp#27;[0m&amp#27;[33m&amp#27;[1m0.9&amp#27;[0m&amp#27;[33m, &amp#27;[0m&amp#27;[33m&amp#27;[1m0.6&amp#27;[0m&amp#27;[33m, &amp#27;[0m&amp#27;[33m&amp#27;[1m0.75&amp#27;[0m&amp#27;[33m)&amp#27;[0m    &amp#27;[90m# praytracer.StepDefinitions.c1_color(java.lang.Double,java.lang.Double,java.lang.Double)&amp#27;[0m
      &amp#27;[33mio.cucumber.java.PendingException: TODO: implement me
	at praytracer.StepDefinitions.c1_color(StepDefinitions.java:224)
	at ✽.c1 ← color(0.9, 0.6, 0.75)(classpath:praytracer/tuples.feature:127)
&amp#27;[0m
  &amp#27;[36mAnd &amp#27;[0m&amp#27;[36mc2 ← color(&amp#27;[0m&amp#27;[36m&amp#27;[1m0.7&amp#27;[0m&amp#27;[36m, &amp#27;[0m&amp#27;[36m&amp#27;[1m0.1&amp#27;[0m&amp#27;[36m, &amp#27;[0m&amp#27;[36m&amp#27;[1m0.25&amp#27;[0m&amp#27;[36m)&amp#27;[0m      &amp#27;[90m# praytracer.StepDefinitions.c2_color(java.lang.Double,java.lang.Double,java.lang.Double)&amp#27;[0m
  &amp#27;[36mThen &amp#27;[0m&amp#27;[36mc1 &amp#27;[0m&amp#27;[36m&amp#27;[1m-&amp#27;[0m&amp#27;[36m c2 = color(&amp#27;[0m&amp#27;[36m&amp#27;[1m0.2&amp#27;[0m&amp#27;[36m, &amp#27;[0m&amp#27;[36m&amp#27;[1m0.5&amp#27;[0m&amp#27;[36m, &amp#27;[0m&amp#27;[36m&amp#27;[1m0.5&amp#27;[0m&amp#27;[36m)&amp#27;[0m &amp#27;[90m# praytracer.StepDefinitions.c1_c2_color(java.lang.Double,java.lang.Double,java.lang.Double,java.lang.Double)&amp#27;[0m
]]></system-out>
  </testcase>
  <testcase name="Tuples, Vectors, and Points - Multiplying a color by a scalar" classname="Tuples, Vectors, and Points" time="0.005">
    <error message="TODO: implement me" type="io.cucumber.java.PendingException"><![CDATA[io.cucumber.java.PendingException: TODO: implement me
	at praytracer.StepDefinitions.c_color(StepDefinitions.java:203)
	at ✽.c ← color(0.2, 0.3, 0.4)(classpath:praytracer/tuples.feature:132)
]]></error>
    <system-out><![CDATA[
Scenario: Multiplying a color by a scalar &amp#27;[90m# praytracer/tuples.feature:131&amp#27;[0m
  &amp#27;[33mGiven &amp#27;[0m&amp#27;[33mc ← color(&amp#27;[0m&amp#27;[33m&amp#27;[1m0.2&amp#27;[0m&amp#27;[33m, &amp#27;[0m&amp#27;[33m&amp#27;[1m0.3&amp#27;[0m&amp#27;[33m, &amp#27;[0m&amp#27;[33m&amp#27;[1m0.4&amp#27;[0m&amp#27;[33m)&amp#27;[0m          &amp#27;[90m# praytracer.StepDefinitions.c_color(java.lang.Double,java.lang.Double,java.lang.Double)&amp#27;[0m
      &amp#27;[33mio.cucumber.java.PendingException: TODO: implement me
	at praytracer.StepDefinitions.c_color(StepDefinitions.java:203)
	at ✽.c ← color(0.2, 0.3, 0.4)(classpath:praytracer/tuples.feature:132)
&amp#27;[0m
  &amp#27;[36mThen &amp#27;[0m&amp#27;[36mc * &amp#27;[0m&amp#27;[36m&amp#27;[1m2&amp#27;[0m&amp#27;[36m = color(&amp#27;[0m&amp#27;[36m&amp#27;[1m0.4&amp#27;[0m&amp#27;[36m, &amp#27;[0m&amp#27;[36m&amp#27;[1m0.6&amp#27;[0m&amp#27;[36m, &amp#27;[0m&amp#27;[36m&amp#27;[1m0.8&amp#27;[0m&amp#27;[36m)&amp#27;[0m       &amp#27;[90m# praytracer.StepDefinitions.c_color(java.lang.Integer,java.lang.Double,java.lang.Double,java.lang.Double)&amp#27;[0m
]]></system-out>
  </testcase>
  <testcase name="Tuples, Vectors, and Points - Multiplying colors" classname="Tuples, Vectors, and Points" time="0.013">
    <error message="&quot;c1 ← color(1, 0.2, 0.4)&quot; matches more than one step definition:&#10;  &quot;c1 ← color\({double}, {double}, {double})&quot; in praytracer.StepDefinitions.c1_color(java.lang.Double,java.lang.Double,java.lang.Double)&#10;  &quot;c1 ← color\({int}, {double}, {double})&quot; in praytracer.StepDefinitions.c1_color(java.lang.Integer,java.lang.Double,java.lang.Double)" type="io.cucumber.core.runner.AmbiguousStepDefinitionsException"><![CDATA[io.cucumber.core.runner.AmbiguousStepDefinitionsException: 
"c1 ← color(1, 0.2, 0.4)" matches more than one step definition:
  "c1 ← color\({double}, {double}, {double})" in praytracer.StepDefinitions.c1_color(java.lang.Double,java.lang.Double,java.lang.Double)
  "c1 ← color\({int}, {double}, {double})" in praytracer.StepDefinitions.c1_color(java.lang.Integer,java.lang.Double,java.lang.Double)
	at io.cucumber.core.runner.CachingGlue.findStepDefinitionMatch(CachingGlue.java:406)
	at io.cucumber.core.runner.CachingGlue.stepDefinitionMatch(CachingGlue.java:374)
	at io.cucumber.core.runner.Runner.matchStepToStepDefinition(Runner.java:183)
	at io.cucumber.core.runner.Runner.createTestStepsForPickleSteps(Runner.java:163)
	at io.cucumber.core.runner.Runner.createTestCaseForPickle(Runner.java:146)
	at io.cucumber.core.runner.Runner.runPickle(Runner.java:74)
	at io.cucumber.junit.platform.engine.CucumberEngineExecutionContext.lambda$runTestCase$4(CucumberEngineExecutionContext.java:114)
	at io.cucumber.core.runtime.CucumberExecutionContext.lambda$runTestCase$5(CucumberExecutionContext.java:136)
	at io.cucumber.core.runtime.RethrowingThrowableCollector.executeAndThrow(RethrowingThrowableCollector.java:23)
	at io.cucumber.core.runtime.CucumberExecutionContext.runTestCase(CucumberExecutionContext.java:136)
	at io.cucumber.junit.platform.engine.CucumberEngineExecutionContext.runTestCase(CucumberEngineExecutionContext.java:111)
	at io.cucumber.junit.platform.engine.NodeDescriptor$PickleDescriptor.execute(NodeDescriptor.java:168)
	at io.cucumber.junit.platform.engine.NodeDescriptor$PickleDescriptor.execute(NodeDescriptor.java:90)
	at java.base/java.util.ArrayList.forEach(ArrayList.java:1596)
	at java.base/java.util.ArrayList.forEach(ArrayList.java:1596)
]]></error>
    <system-out><![CDATA[
Scenario: Multiplying colors           &amp#27;[90m# praytracer/tuples.feature:135&amp#27;[0m
  &amp#27;[31mGiven &amp#27;[0m&amp#27;[31mc1 ← color(1, 0.2, 0.4)&amp#27;[0m
      &amp#27;[31mio.cucumber.core.runner.AmbiguousStepDefinitionsException: "c1 ← color(1, 0.2, 0.4)" matches more than one step definition:
  "c1 ← color\({double}, {double}, {double})" in praytracer.StepDefinitions.c1_color(java.lang.Double,java.lang.Double,java.lang.Double)
  "c1 ← color\({int}, {double}, {double})" in praytracer.StepDefinitions.c1_color(java.lang.Integer,java.lang.Double,java.lang.Double)
	at io.cucumber.core.runner.CachingGlue.findStepDefinitionMatch(CachingGlue.java:406)
	at io.cucumber.core.runner.CachingGlue.stepDefinitionMatch(CachingGlue.java:374)
	at io.cucumber.core.runner.Runner.matchStepToStepDefinition(Runner.java:183)
	at io.cucumber.core.runner.Runner.createTestStepsForPickleSteps(Runner.java:163)
	at io.cucumber.core.runner.Runner.createTestCaseForPickle(Runner.java:146)
	at io.cucumber.core.runner.Runner.runPickle(Runner.java:74)
	at io.cucumber.junit.platform.engine.CucumberEngineExecutionContext.lambda$runTestCase$4(CucumberEngineExecutionContext.java:114)
	at io.cucumber.core.runtime.CucumberExecutionContext.lambda$runTestCase$5(CucumberExecutionContext.java:136)
	at io.cucumber.core.runtime.RethrowingThrowableCollector.executeAndThrow(RethrowingThrowableCollector.java:23)
	at io.cucumber.core.runtime.CucumberExecutionContext.runTestCase(CucumberExecutionContext.java:136)
	at io.cucumber.junit.platform.engine.CucumberEngineExecutionContext.runTestCase(CucumberEngineExecutionContext.java:111)
	at io.cucumber.junit.platform.engine.NodeDescriptor$PickleDescriptor.execute(NodeDescriptor.java:168)
	at io.cucumber.junit.platform.engine.NodeDescriptor$PickleDescriptor.execute(NodeDescriptor.java:90)
	at org.junit.platform.engine.support.hierarchical.NodeTestTask.lambda$executeRecursively$6(NodeTestTask.java:156)
	at org.junit.platform.engine.support.hierarchical.ThrowableCollector.execute(ThrowableCollector.java:73)
	at org.junit.platform.engine.support.hierarchical.NodeTestTask.lambda$executeRecursively$8(NodeTestTask.java:146)
	at org.junit.platform.engine.support.hierarchical.Node.around(Node.java:137)
	at org.junit.platform.engine.support.hierarchical.NodeTestTask.lambda$executeRecursively$9(NodeTestTask.java:144)
	at org.junit.platform.engine.support.hierarchical.ThrowableCollector.execute(ThrowableCollector.java:73)
	at org.junit.platform.engine.support.hierarchical.NodeTestTask.executeRecursively(NodeTestTask.java:143)
	at org.junit.platform.engine.support.hierarchical.NodeTestTask.execute(NodeTestTask.java:100)
	at java.base/java.util.ArrayList.forEach(ArrayList.java:1596)
	at org.junit.platform.engine.support.hierarchical.SameThreadHierarchicalTestExecutorService.invokeAll(SameThreadHierarchicalTestExecutorService.java:41)
	at org.junit.platform.engine.support.hierarchical.NodeTestTask.lambda$executeRecursively$6(NodeTestTask.java:160)
	at org.junit.platform.engine.support.hierarchical.ThrowableCollector.execute(ThrowableCollector.java:73)
	at org.junit.platform.engine.support.hierarchical.NodeTestTask.lambda$executeRecursively$8(NodeTestTask.java:146)
	at org.junit.platform.engine.support.hierarchical.Node.around(Node.java:137)
	at org.junit.platform.engine.support.hierarchical.NodeTestTask.lambda$executeRecursively$9(NodeTestTask.java:144)
	at org.junit.platform.engine.support.hierarchical.ThrowableCollector.execute(ThrowableCollector.java:73)
	at org.junit.platform.engine.support.hierarchical.NodeTestTask.executeRecursively(NodeTestTask.java:143)
	at org.junit.platform.engine.support.hierarchical.NodeTestTask.execute(NodeTestTask.java:100)
	at java.base/java.util.ArrayList.forEach(ArrayList.java:1596)
	at org.junit.platform.engine.support.hierarchical.SameThreadHierarchicalTestExecutorService.invokeAll(SameThreadHierarchicalTestExecutorService.java:41)
	at org.junit.platform.engine.support.hierarchical.NodeTestTask.lambda$executeRecursively$6(NodeTestTask.java:160)
	at org.junit.platform.engine.support.hierarchical.ThrowableCollector.execute(ThrowableCollector.java:73)
	at org.junit.platform.engine.support.hierarchical.NodeTestTask.lambda$executeRecursively$8(NodeTestTask.java:146)
	at org.junit.platform.engine.support.hierarchical.Node.around(Node.java:137)
	at org.junit.platform.engine.support.hierarchical.NodeTestTask.lambda$executeRecursively$9(NodeTestTask.java:144)
	at org.junit.platform.engine.support.hierarchical.ThrowableCollector.execute(ThrowableCollector.java:73)
	at org.junit.platform.engine.support.hierarchical.NodeTestTask.executeRecursively(NodeTestTask.java:143)
	at org.junit.platform.engine.support.hierarchical.NodeTestTask.execute(NodeTestTask.java:100)
	at org.junit.platform.engine.support.hierarchical.SameThreadHierarchicalTestExecutorService.submit(SameThreadHierarchicalTestExecutorService.java:35)
	at org.junit.platform.engine.support.hierarchical.HierarchicalTestExecutor.execute(HierarchicalTestExecutor.java:57)
	at org.junit.platform.engine.support.hierarchical.HierarchicalTestEngine.execute(HierarchicalTestEngine.java:54)
	at org.junit.platform.launcher.core.EngineExecutionOrchestrator.execute(EngineExecutionOrchestrator.java:198)
	at org.junit.platform.launcher.core.EngineExecutionOrchestrator.execute(EngineExecutionOrchestrator.java:169)
	at org.junit.platform.launcher.core.EngineExecutionOrchestrator.execute(EngineExecutionOrchestrator.java:93)
	at org.junit.platform.launcher.core.EngineExecutionOrchestrator.execute(EngineExecutionOrchestrator.java:76)
	at org.junit.platform.suite.engine.SuiteLauncher.execute(SuiteLauncher.java:63)
	at org.junit.platform.suite.engine.SuiteTestDescriptor.executeTests(SuiteTestDescriptor.java:168)
	at org.junit.platform.suite.engine.SuiteTestDescriptor.execute(SuiteTestDescriptor.java:137)
	at org.junit.platform.suite.engine.SuiteTestEngine.lambda$execute$0(SuiteTestEngine.java:73)
	at java.base/java.util.stream.ForEachOps$ForEachOp$OfRef.accept(ForEachOps.java:184)
	at java.base/java.util.stream.ReferencePipeline$3$1.accept(ReferencePipeline.java:197)
	at java.base/java.util.Iterator.forEachRemaining(Iterator.java:133)
	at java.base/java.util.Spliterators$IteratorSpliterator.forEachRemaining(Spliterators.java:1939)
	at java.base/java.util.stream.AbstractPipeline.copyInto(AbstractPipeline.java:509)
	at java.base/java.util.stream.AbstractPipeline.wrapAndCopyInto(AbstractPipeline.java:499)
	at java.base/java.util.stream.ForEachOps$ForEachOp.evaluateSequential(ForEachOps.java:151)
	at java.base/java.util.stream.ForEachOps$ForEachOp$OfRef.evaluateSequential(ForEachOps.java:174)
	at java.base/java.util.stream.AbstractPipeline.evaluate(AbstractPipeline.java:234)
	at java.base/java.util.stream.ReferencePipeline.forEach(ReferencePipeline.java:596)
	at org.junit.platform.suite.engine.SuiteTestEngine.execute(SuiteTestEngine.java:73)
	at org.junit.platform.launcher.core.EngineExecutionOrchestrator.execute(EngineExecutionOrchestrator.java:198)
	at org.junit.platform.launcher.core.EngineExecutionOrchestrator.execute(EngineExecutionOrchestrator.java:169)
	at org.junit.platform.launcher.core.EngineExecutionOrchestrator.execute(EngineExecutionOrchestrator.java:93)
	at org.junit.platform.launcher.core.EngineExecutionOrchestrator.lambda$execute$0(EngineExecutionOrchestrator.java:58)
	at org.junit.platform.launcher.core.EngineExecutionOrchestrator.withInterceptedStreams(EngineExecutionOrchestrator.java:141)
	at org.junit.platform.launcher.core.EngineExecutionOrchestrator.execute(EngineExecutionOrchestrator.java:57)
	at org.junit.platform.launcher.core.DefaultLauncher.execute(DefaultLauncher.java:103)
	at org.junit.platform.launcher.core.DefaultLauncher.execute(DefaultLauncher.java:85)
	at org.junit.platform.launcher.core.DelegatingLauncher.execute(DelegatingLauncher.java:47)
	at org.apache.maven.surefire.junitplatform.LazyLauncher.execute(LazyLauncher.java:56)
	at org.apache.maven.surefire.junitplatform.JUnitPlatformProvider.execute(JUnitPlatformProvider.java:184)
	at org.apache.maven.surefire.junitplatform.JUnitPlatformProvider.invokeAllTests(JUnitPlatformProvider.java:148)
	at org.apache.maven.surefire.junitplatform.JUnitPlatformProvider.invoke(JUnitPlatformProvider.java:122)
	at org.apache.maven.surefire.booter.ForkedBooter.runSuitesInProcess(ForkedBooter.java:385)
	at org.apache.maven.surefire.booter.ForkedBooter.execute(ForkedBooter.java:162)
	at org.apache.maven.surefire.booter.ForkedBooter.run(ForkedBooter.java:507)
	at org.apache.maven.surefire.booter.ForkedBooter.main(ForkedBooter.java:495)
&amp#27;[0m
  &amp#27;[36mAnd &amp#27;[0m&amp#27;[36mc2 ← color(0.9, 1, 0.1)&amp#27;[0m
  &amp#27;[36mThen &amp#27;[0m&amp#27;[36mc1 * c2 = color(&amp#27;[0m&amp#27;[36m&amp#27;[1m0.9&amp#27;[0m&amp#27;[36m, &amp#27;[0m&amp#27;[36m&amp#27;[1m0.2&amp#27;[0m&amp#27;[36m, &amp#27;[0m&amp#27;[36m&amp#27;[1m0.04&amp#27;[0m&amp#27;[36m)&amp#27;[0m &amp#27;[90m# praytracer.StepDefinitions.c1_c2_color(java.lang.Double,java.lang.Double,java.lang.Double)&amp#27;[0m
]]></system-out>
  </testcase>
  <testcase name="Tuples, Vectors, and Points - Reflecting a vector approaching at 45°" classname="Tuples, Vectors, and Points" time="0.005">
    <error message="TODO: implement me" type="io.cucumber.java.PendingException"><![CDATA[io.cucumber.java.PendingException: TODO: implement me
	at praytracer.StepDefinitions.r_reflect_v_n(StepDefinitions.java:267)
	at ✽.r ← reflect(v, n)(classpath:praytracer/tuples.feature:143)
]]></error>
    <system-out><![CDATA[
Scenario: Reflecting a vector approaching at 45° &amp#27;[90m# praytracer/tuples.feature:140&amp#27;[0m
  &amp#27;[32mGiven &amp#27;[0m&amp#27;[32mv ← vector(&amp#27;[0m&amp#27;[32m&amp#27;[1m1&amp#27;[0m&amp#27;[32m, &amp#27;[0m&amp#27;[32m&amp#27;[1m-1&amp#27;[0m&amp#27;[32m, &amp#27;[0m&amp#27;[32m&amp#27;[1m0&amp#27;[0m&amp#27;[32m)&amp#27;[0m                     &amp#27;[90m# praytracer.StepDefinitions.v_vector(java.lang.Integer,java.lang.Integer,java.lang.Integer)&amp#27;[0m
  &amp#27;[32mAnd &amp#27;[0m&amp#27;[32mn ← vector(&amp#27;[0m&amp#27;[32m&amp#27;[1m0&amp#27;[0m&amp#27;[32m, &amp#27;[0m&amp#27;[32m&amp#27;[1m1&amp#27;[0m&amp#27;[32m, &amp#27;[0m&amp#27;[32m&amp#27;[1m0&amp#27;[0m&amp#27;[32m)&amp#27;[0m                        &amp#27;[90m# praytracer.StepDefinitions.n_vector(java.lang.Integer,java.lang.Integer,java.lang.Integer)&amp#27;[0m
  &amp#27;[33mWhen &amp#27;[0m&amp#27;[33mr ← reflect(v, n)&amp#27;[0m                         &amp#27;[90m# praytracer.StepDefinitions.r_reflect_v_n()&amp#27;[0m
      &amp#27;[33mio.cucumber.java.PendingException: TODO: implement me
	at praytracer.StepDefinitions.r_reflect_v_n(StepDefinitions.java:267)
	at ✽.r ← reflect(v, n)(classpath:praytracer/tuples.feature:143)
&amp#27;[0m
  &amp#27;[36mThen &amp#27;[0m&amp#27;[36mr = vector(&amp#27;[0m&amp#27;[36m&amp#27;[1m1&amp#27;[0m&amp#27;[36m, &amp#27;[0m&amp#27;[36m&amp#27;[1m1&amp#27;[0m&amp#27;[36m, &amp#27;[0m&amp#27;[36m&amp#27;[1m0&amp#27;[0m&amp#27;[36m)&amp#27;[0m                       &amp#27;[90m# praytracer.StepDefinitions.r_vector(java.lang.Integer,java.lang.Integer,java.lang.Integer)&amp#27;[0m
]]></system-out>
  </testcase>
  <testcase name="Tuples, Vectors, and Points - Reflecting a vector off a slanted surface" classname="Tuples, Vectors, and Points" time="0.008">
    <error message="TODO: implement me" type="io.cucumber.java.PendingException"><![CDATA[io.cucumber.java.PendingException: TODO: implement me
	at praytracer.StepDefinitions.n_vector(StepDefinitions.java:278)
	at ✽.n ← vector(√2/2, √2/2, 0)(classpath:praytracer/tuples.feature:148)
]]></error>
    <system-out><![CDATA[
Scenario: Reflecting a vector off a slanted surface &amp#27;[90m# praytracer/tuples.feature:146&amp#27;[0m
  &amp#27;[32mGiven &amp#27;[0m&amp#27;[32mv ← vector(&amp#27;[0m&amp#27;[32m&amp#27;[1m0&amp#27;[0m&amp#27;[32m, &amp#27;[0m&amp#27;[32m&amp#27;[1m-1&amp#27;[0m&amp#27;[32m, &amp#27;[0m&amp#27;[32m&amp#27;[1m0&amp#27;[0m&amp#27;[32m)&amp#27;[0m                        &amp#27;[90m# praytracer.StepDefinitions.v_vector(java.lang.Integer,java.lang.Integer,java.lang.Integer)&amp#27;[0m
  &amp#27;[33mAnd &amp#27;[0m&amp#27;[33mn ← vector(√&amp#27;[0m&amp#27;[33m&amp#27;[1m2&amp#27;[0m&amp#27;[33m/&amp#27;[0m&amp#27;[33m&amp#27;[1m2&amp#27;[0m&amp#27;[33m, √&amp#27;[0m&amp#27;[33m&amp#27;[1m2&amp#27;[0m&amp#27;[33m/&amp#27;[0m&amp#27;[33m&amp#27;[1m2&amp#27;[0m&amp#27;[33m, &amp#27;[0m&amp#27;[33m&amp#27;[1m0&amp#27;[0m&amp#27;[33m)&amp#27;[0m                     &amp#27;[90m# praytracer.StepDefinitions.n_vector(java.lang.Integer,java.lang.Integer,java.lang.Integer,java.lang.Integer,java.lang.Integer)&amp#27;[0m
      &amp#27;[33mio.cucumber.java.PendingException: TODO: implement me
	at praytracer.StepDefinitions.n_vector(StepDefinitions.java:278)
	at ✽.n ← vector(√2/2, √2/2, 0)(classpath:praytracer/tuples.feature:148)
&amp#27;[0m
  &amp#27;[36mWhen &amp#27;[0m&amp#27;[36mr ← reflect(v, n)&amp#27;[0m                            &amp#27;[90m# praytracer.StepDefinitions.r_reflect_v_n()&amp#27;[0m
  &amp#27;[36mThen &amp#27;[0m&amp#27;[36mr = vector(&amp#27;[0m&amp#27;[36m&amp#27;[1m1&amp#27;[0m&amp#27;[36m, &amp#27;[0m&amp#27;[36m&amp#27;[1m0&amp#27;[0m&amp#27;[36m, &amp#27;[0m&amp#27;[36m&amp#27;[1m0&amp#27;[0m&amp#27;[36m)&amp#27;[0m                          &amp#27;[90m# praytracer.StepDefinitions.r_vector(java.lang.Integer,java.lang.Integer,java.lang.Integer)&amp#27;[0m
]]></system-out>
  </testcase>
</testsuite>